"../../../Engine/Content/ArtTools/RenderToTexture/Enums/RenderToTexture_Enum.uasset" 0
"../../../Engine/Content/ArtTools/RenderToTexture/Enums/RenderToTexture_Flipbook_Enum.uasset" 1
"../../../Engine/Content/ArtTools/RenderToTexture/Enums/RenderToTexture_Imposter_Enum.uasset" 2
"../../../Engine/Content/ArtTools/RenderToTexture/Enums/EIntTypes.uasset" 3
"../../../Engine/Content/EditorBlueprintResources/StandardMacros.uasset" 4
"../../../Engine/Content/ArtTools/RenderToTexture/Macros/RenderToTextureFunctionLibrary.uasset" 5
"../../../Engine/Content/ArtTools/RenderToTexture/Enums/EFloatTypes.uasset" 6
"../../../Engine/Content/ArtTools/RenderToTexture/Macros/RenderToTextureMacros.uasset" 7
"../../../Engine/Content/EngineMaterials/T_Default_Material_Grid_N.uasset" 8
"../../../Engine/Content/EngineMaterials/T_Default_Material_Grid_M.uasset" 9
"../../../Engine/Content/Functions/Engine_MaterialFunctions01/Opacity/CameraDepthFade.uasset" 10
"../../../Engine/Content/EngineMaterials/WorldGridMaterial.uasset" 11
"../../../Engine/Content/ArtTools/RenderToTexture/Meshes/S_1_Unit_Plane.uasset" 12
"../../../Engine/Content/EngineMaterials/DefaultMaterial.uasset" 13
"../../../Engine/Content/BasicShapes/Cone.uasset" 14
"../../../Engine/Content/BasicShapes/Cube.uasset" 15
"../../../Engine/Content/BasicShapes/Plane.uasset" 16
"../../../Engine/Content/EngineMaterials/DefaultPhysicalMaterial.uasset" 17
"../../../Engine/Content/BufferVisualization/AmbientOcclusion.uasset" 18
"../../../Engine/Content/Functions/Engine_MaterialFunctions02/Utility/AppendMany.uasset" 19
"../../../Engine/Content/BufferVisualization/Anisotropy.uasset" 20
"../../../Engine/Content/BufferVisualization/BaseColor.uasset" 21
"../../../Engine/Content/BufferVisualization/CustomDepth.uasset" 22
"../../../Engine/Content/Functions/Engine_MaterialFunctions02/Utility/VectorLength.uasset" 23
"../../../Engine/Content/BufferVisualization/CustomDepthWorldUnits.uasset" 24
"../../../Engine/Content/EngineMaterials/MiniFont.uasset" 25
"../../../Engine/Content/Functions/Engine_MaterialFunctions02/Utility/MakeFloat3.uasset" 26
"../../../Engine/Content/Functions/Engine_MaterialFunctions02/Utility/MakeFloat2.uasset" 27
"../../../Engine/Content/Functions/Engine_MaterialFunctions02/ScreenResolution.uasset" 28
"../../../Engine/Content/Functions/Engine_MaterialFunctions02/Utility/BreakOutFloat2Components.uasset" 29
"../../../Engine/Content/Functions/Engine_MaterialFunctions01/Texturing/ScaleUVsByCenter.uasset" 30
"../../../Engine/Content/Functions/Engine_MaterialFunctions02/Texturing/ScreenAlignedUVs.uasset" 31
"../../../Engine/Content/BufferVisualization/CustomStencil.uasset" 32
"../../../Engine/Content/BufferVisualization/FinalImage.uasset" 33
"../../../Engine/Content/BufferVisualization/LightingModel.uasset" 34
"../../../Engine/Content/BufferVisualization/MaterialAO.uasset" 35
"../../../Engine/Content/BufferVisualization/Metallic.uasset" 36
"../../../Engine/Content/BufferVisualization/Opacity.uasset" 37
"../../../Engine/Content/BufferVisualization/PostTonemapHDRColor.uasset" 38
"../../../Engine/Content/BufferVisualization/PreTonemapHDRColor.uasset" 39
"../../../Engine/Content/BufferVisualization/Roughness.uasset" 40
"../../../Engine/Content/BufferVisualization/SceneColor.uasset" 41
"../../../Engine/Content/BufferVisualization/SceneDepth.uasset" 42
"../../../Engine/Content/BufferVisualization/SceneDepthWorldUnits.uasset" 43
"../../../Engine/Content/BufferVisualization/SeparateTranslucencyA.uasset" 44
"../../../Engine/Content/BufferVisualization/SeparateTranslucencyRGB.uasset" 45
"../../../Engine/Content/BufferVisualization/Specular.uasset" 46
"../../../Engine/Content/BufferVisualization/SubsurfaceColor.uasset" 47
"../../../Engine/Content/BufferVisualization/Velocity.uasset" 48
"../../../Engine/Content/BufferVisualization/WorldNormal.uasset" 49
"../../../Engine/Content/BufferVisualization/WorldTangent.uasset" 50
"../../../Engine/Content/EditorBlueprintResources/ActorMacros.uasset" 51
"../../../Engine/Content/EditorLandscapeResources/DataLayer.uasset" 52
"../../../Engine/Content/EditorLandscapeResources/DefaultAlphaTexture.uasset" 53
"../../../Engine/Content/EditorLandscapeResources/LandscapeGizmoHeight_Mat.uasset" 54
"../../../Engine/Content/EditorLandscapeResources/LandscapeGizmo_Mat.uasset" 55
"../../../Engine/Content/EditorLandscapeResources/LandscapeGizmo_Mat_Copied.uasset" 56
"../../../Engine/Content/EditorLandscapeResources/SplineEditorMeshMat.uasset" 57
"../../../Engine/Content/EditorLandscapeResources/SplineEditorMesh.uasset" 58
"../../../Engine/Content/EditorMaterials/Cross.uasset" 59
"../../../Engine/Content/EditorMaterials/Cross_Mat.uasset" 60
"../../../Engine/Content/EditorResources/T_EditorHelp.uasset" 61
"../../../Engine/Content/Functions/Engine_MaterialFunctions02/Utility/Sign.uasset" 62
"../../../Engine/Content/Functions/Engine_MaterialFunctions02/Utility/Round.uasset" 63
"../../../Engine/Content/Functions/Engine_MaterialFunctions02/ExampleContent/Textures/DebugNumberPeriod.uasset" 64
"../../../Engine/Content/Functions/Engine_MaterialFunctions02/ExampleContent/DebugNumberStrip.uasset" 65
"../../../Engine/Content/EngineMaterials/DefaultDiffuse.uasset" 66
"../../../Engine/Content/Functions/Engine_MaterialFunctions01/Texturing/TextureCropping.uasset" 67
"../../../Engine/Content/Functions/Engine_MaterialFunctions01/Texturing/ComputeMipLevel.uasset" 68
"../../../Engine/Content/Functions/Engine_MaterialFunctions02/Utility/DebugScalarValues.uasset" 69
"../../../Engine/Content/Functions/Engine_MaterialFunctions02/Utility/DebugFloat2Values.uasset" 70
"../../../Engine/Content/Functions/Engine_MaterialFunctions02/ExampleContent/Textures/flipbook.uasset" 71
"../../../Engine/Content/Functions/Engine_MaterialFunctions02/Texturing/FlipBook.uasset" 72
"../../../Engine/Content/EditorMaterials/HelpActorMaterial.uasset" 73
"../../../Engine/Content/Functions/Engine_MaterialFunctions03/Procedurals/ComputeFilterWidth.uasset" 74
"../../../Engine/Content/EngineMaterials/BlendFunc_DefBlend.uasset" 75
"../../../Engine/Content/EngineMaterials/BlendFunc_DefBase.uasset" 76
"../../../Engine/Content/Functions/Engine_MaterialFunctions03/Blends/Blend_Screen.uasset" 77
"../../../Engine/Content/EditorMaterials/TilingAALineIntegral.uasset" 78
"../../../Engine/Content/EditorMaterials/TilingAALineBoxFiltered.uasset" 79
"../../../Engine/Content/EditorMaterials/TilingAAGrid.uasset" 80
"../../../Engine/Content/EditorMaterials/TilingAADots.uasset" 81
"../../../Engine/Content/EditorMaterials/CompositeARGBLayer.uasset" 82
"../../../Engine/Content/EditorMaterials/LevelGridMaterial.uasset" 83
"../../../Engine/Content/EditorResources/LevelGrid1DStripes.uasset" 84
"../../../Engine/Content/EditorMaterials/TextureGridCascaded1D.uasset" 85
"../../../Engine/Content/EditorMaterials/TextureGridCascaded2D.uasset" 86
"../../../Engine/Content/EditorMaterials/MakeCompositeARGBLayer.uasset" 87
"../../../Engine/Content/EditorMaterials/LevelGridMaterial2.uasset" 88
"../../../Engine/Content/EditorMaterials/MAT_Groups_Toggle.uasset" 89
"../../../Engine/Content/EditorMaterials/MAT_Groups_Visibility.uasset" 90
"../../../Engine/Content/EngineMaterials/Grid.uasset" 91
"../../../Engine/Content/EditorResources/TilePatine_N.uasset" 92
"../../../Engine/Content/EditorResources/TilePatine_D.uasset" 93
"../../../Engine/Content/EditorMaterials/AntialiasedGridFloor.uasset" 94
"../../../Engine/Content/EditorMaterials/PersonaFloorMat.uasset" 95
"../../../Engine/Content/EditorMaterials/PhAT_BoneSelectedMaterial.uasset" 96
"../../../Engine/Content/EditorMaterials/PhAT_ElemSelectedMaterial.uasset" 97
"../../../Engine/Content/EditorMaterials/PhAT_NoCollisionMaterial.uasset" 98
"../../../Engine/Content/EditorMaterials/PhAT_UnselectedMaterial.uasset" 99
"../../../Engine/Content/EditorMaterials/PreviewShadowIndicator.uasset" 100
"../../../Engine/Content/EditorMaterials/PreviewShadowIndicatorMaterial.uasset" 101
"../../../Engine/Content/EditorMaterials/TargetIcon.uasset" 102
"../../../Engine/Content/EditorMaterials/Tick.uasset" 103
"../../../Engine/Content/EditorMaterials/Tick_Mat.uasset" 104
"../../../Engine/Content/EditorMaterials/WidgetGridVertexColorMaterial.uasset" 105
"../../../Engine/Content/EditorMaterials/WidgetGridVertexColorMaterial_Ma.uasset" 106
"../../../Engine/Content/EditorMaterials/WidgetMaterial.uasset" 107
"../../../Engine/Content/EditorMaterials/WidgetMaterial_Current.uasset" 108
"../../../Engine/Content/EditorMaterials/WidgetMaterial_X.uasset" 109
"../../../Engine/Content/EditorMaterials/WidgetMaterial_Y.uasset" 110
"../../../Engine/Content/EditorMaterials/WidgetMaterial_Z.uasset" 111
"../../../Engine/Content/EditorMaterials/WidgetVertexColorMaterial.uasset" 112
"../../../Engine/Content/EditorMaterials/AssetViewer/EpicQuadPanorama_CC+EV1.uasset" 113
"../../../Engine/Content/MapTemplates/Sky/SunsetAmbientCubemap.uasset" 114
"../../../Engine/Content/EditorMaterials/AssetViewer/M_SkyBox.uasset" 115
"../../../Engine/Content/EditorMaterials/MatineeGroups/MAT_ColorTrack.uasset" 116
"../../../Engine/Content/EditorMaterials/MatineeGroups/MAT_Groups_Anim.uasset" 117
"../../../Engine/Content/EditorMaterials/MatineeGroups/MAT_Groups_AudioMaster.uasset" 118
"../../../Engine/Content/EditorMaterials/MatineeGroups/MAT_Groups_Director.uasset" 119
"../../../Engine/Content/EditorMaterials/MatineeGroups/MAT_Groups_Event.uasset" 120
"../../../Engine/Content/EditorMaterials/MatineeGroups/MAT_Groups_Fade.uasset" 121
"../../../Engine/Content/EditorMaterials/MatineeGroups/MAT_Groups_Float.uasset" 122
"../../../Engine/Content/EditorMaterials/MatineeGroups/MAT_Groups_Move.uasset" 123
"../../../Engine/Content/EditorMaterials/MatineeGroups/MAT_Groups_Slomo.uasset" 124
"../../../Engine/Content/EditorMaterials/MatineeGroups/MAT_Groups_Sound.uasset" 125
"../../../Engine/Content/EditorMaterials/MatineeGroups/MAT_Groups_Vector.uasset" 126
"../../../Engine/Content/EditorMaterials/ParticleSystems/PSysThumbnail_NoImage.uasset" 127
"../../../Engine/Content/EditorMaterials/ParticleSystems/PSysThumbnail_OOD.uasset" 128
"../../../Engine/Content/EditorMaterials/Thumbnails/FloorPlaneMaterial.uasset" 129
"../../../Engine/Content/EditorMeshes/EditorCube.uasset" 130
"../../../Engine/Content/EditorMeshes/EditorCylinder.uasset" 131
"../../../Engine/Content/EditorMeshes/EditorPlane.uasset" 132
"../../../Engine/Content/EditorMaterials/Thumbnails/SkySphereMaterial.uasset" 133
"../../../Engine/Content/EditorMeshes/EditorSkySphere.uasset" 134
"../../../Engine/Content/EditorMeshes/EditorSphere.uasset" 135
"../../../Engine/Content/EditorResources/MatineeCam_D.uasset" 136
"../../../Engine/Content/EditorMaterials/MatineeCam_mat.uasset" 137
"../../../Engine/Content/EditorMeshes/MatineeCam_SM.uasset" 138
"../../../Engine/Content/Functions/Engine_MaterialFunctions01/Shading/ConvertFromDiffSpec.uasset" 139
"../../../Engine/Content/EditorMaterials/GridMaterial.uasset" 140
"../../../Engine/Content/EditorMeshes/PhAT_FloorBox.uasset" 141
"../../../Engine/Content/EditorMeshes/PlanarReflectionPlane.uasset" 142
"../../../Engine/Content/EditorMeshes/AssetViewer/Floor_Mesh.uasset" 143
"../../../Engine/Content/EditorMeshes/AssetViewer/Sphere_inversenormals.uasset" 144
"../../../Engine/Content/EngineDebugMaterials/M_SimpleOpaque.uasset" 145
"../../../Engine/Content/EditorMaterials/Camera/MI_CineMat_CamViewFinder.uasset" 146
"../../../Engine/Content/EditorMaterials/Camera/CineMat.uasset" 147
"../../../Engine/Content/EditorMaterials/Camera/MI_CineMat_CameraBody.uasset" 148
"../../../Engine/Content/EditorMeshes/Camera/SM_CineCam.uasset" 149
"../../../Engine/Content/EditorMaterials/Camera/MI_CineMat_Rig.uasset" 150
"../../../Engine/Content/EditorMeshes/Camera/SM_CraneRig_Arm.uasset" 151
"../../../Engine/Content/EditorMeshes/Camera/SM_CraneRig_Base.uasset" 152
"../../../Engine/Content/EditorMeshes/Camera/SM_CraneRig_Body.uasset" 153
"../../../Engine/Content/EditorMeshes/Camera/SM_CraneRig_Mount.uasset" 154
"../../../Engine/Content/EditorMeshes/Camera/SM_RailRig_Mount.uasset" 155
"../../../Engine/Content/EditorMeshes/Camera/SM_RailRig_Track.uasset" 156
"../../../Engine/Content/EditorMeshes/ColorCalibrator/M_ChromeBall.uasset" 157
"../../../Engine/Content/EditorResources/Bad.uasset" 158
"../../../Engine/Content/EditorResources/BSPVertex.uasset" 159
"../../../Engine/Content/EditorResources/EmptyActor.uasset" 160
"../../../Engine/Content/EditorResources/MatInstActSprite.uasset" 161
"../../../Engine/Content/EditorResources/SceneManager.uasset" 162
"../../../Engine/Content/EditorResources/SmallFont.uasset" 163
"../../../Engine/Content/EditorResources/S_Actor.uasset" 164
"../../../Engine/Content/EditorResources/S_CameraShakeSource.uasset" 165
"../../../Engine/Content/EditorResources/S_DecalActorIcon.uasset" 166
"../../../Engine/Content/EditorResources/S_Emitter.uasset" 167
"../../../Engine/Content/EditorResources/S_ExpoHeightFog.uasset" 168
"../../../Engine/Content/EditorResources/S_FTest.uasset" 169
"../../../Engine/Content/EditorResources/S_KBSJoint.uasset" 170
"../../../Engine/Content/EditorResources/S_KHinge.uasset" 171
"../../../Engine/Content/EditorResources/S_KPrismatic.uasset" 172
"../../../Engine/Content/EditorResources/S_LevelSequence.uasset" 173
"../../../Engine/Content/EditorResources/S_NavP.uasset" 174
"../../../Engine/Content/EditorResources/S_Note.uasset" 175
"../../../Engine/Content/EditorResources/S_Player.uasset" 176
"../../../Engine/Content/EditorResources/S_PortalActorIcon2.uasset" 177
"../../../Engine/Content/EditorResources/S_RadForce.uasset" 178
"../../../Engine/Content/EditorResources/S_ReflActorIcon.uasset" 179
"../../../Engine/Content/EditorResources/S_SkyAtmosphere.uasset" 180
"../../../Engine/Content/EditorResources/S_Solver.uasset" 181
"../../../Engine/Content/EditorResources/S_Terrain.uasset" 182
"../../../Engine/Content/EditorResources/S_TextRenderActorIcon.uasset" 183
"../../../Engine/Content/EditorResources/S_Thruster.uasset" 184
"../../../Engine/Content/EditorResources/S_Trigger.uasset" 185
"../../../Engine/Content/EditorResources/S_VectorFieldVol.uasset" 186
"../../../Engine/Content/EditorResources/S_VolumetricCloud.uasset" 187
"../../../Engine/Content/EditorResources/S_WindDirectional.uasset" 188
"../../../Engine/Content/EditorResources/AI/S_NavLink.uasset" 189
"../../../Engine/Content/EditorResources/LightIcons/SkyLight.uasset" 190
"../../../Engine/Content/EditorResources/LightIcons/S_LightDirectional.uasset" 191
"../../../Engine/Content/EditorResources/LightIcons/S_LightDirectionalMove.uasset" 192
"../../../Engine/Content/EditorResources/LightIcons/S_LightError.uasset" 193
"../../../Engine/Content/EditorResources/LightIcons/S_LightPoint.uasset" 194
"../../../Engine/Content/EditorResources/LightIcons/S_LightPointMove.uasset" 195
"../../../Engine/Content/EditorResources/LightIcons/S_LightSpot.uasset" 196
"../../../Engine/Content/EditorResources/LightIcons/S_LightSpotMove.uasset" 197
"../../../Engine/Content/EditorResources/SequenceRecorder/Countdown.uasset" 198
"../../../Engine/Content/EditorResources/SequenceRecorder/RecordingIndicator.uasset" 199
"../../../Engine/Content/EditorResources/Spline/T_Loft_Spline.uasset" 200
"../../../Engine/Content/EditorSounds/Notifications/CompileSuccess.uasset" 201
"../../../Engine/Content/EditorSounds/Notifications/CompileStart_Cue.uasset" 202
"../../../Engine/Content/EngineDamageTypes/DmgTypeBP_Environmental.uasset" 203
"../../../Engine/Content/EngineDebugMaterials/HeatmapGradient.uasset" 204
"../../../Engine/Content/EngineDebugMaterials/BoneWeightMaterial.uasset" 205
"../../../Engine/Content/EngineDebugMaterials/ClothMaterial.uasset" 206
"../../../Engine/Content/EngineDebugMaterials/ClothMaterial_WF.uasset" 207
"../../../Engine/Content/EngineDebugMaterials/DebugEditorMaterial.uasset" 208
"../../../Engine/Content/EngineDebugMaterials/DebugMeshMaterial.uasset" 209
"../../../Engine/Content/EngineDebugMaterials/GeomMaterial.uasset" 210
"../../../Engine/Content/EngineDebugMaterials/LevelColorationLitMaterial.uasset" 211
"../../../Engine/Content/EngineDebugMaterials/LevelColorationUnlitMaterial.uasset" 212
"../../../Engine/Content/EngineMaterials/DefaultWhiteGrid.uasset" 213
"../../../Engine/Content/EngineDebugMaterials/MAT_LevelColorationLitLightmapUV.uasset" 214
"../../../Engine/Content/EngineDebugMaterials/M_SimpleUnlitTranslucent.uasset" 215
"../../../Engine/Content/EngineDebugMaterials/VolumeToRender.uasset" 216
"../../../Engine/Content/Functions/Engine_MaterialFunctions02/Utility/CameraDirectionVector.uasset" 217
"../../../Engine/Content/EngineDebugMaterials/M_VolumeRenderSphereTracePP.uasset" 218
"../../../Engine/Content/EngineMaterials/DefaultWhiteGrid_Low.uasset" 219
"../../../Engine/Content/EngineDebugMaterials/PhysicalMaterialMaskMaterial.uasset" 220
"../../../Engine/Content/EngineDebugMaterials/ShadedLevelColorationLitMaterial.uasset" 221
"../../../Engine/Content/EngineDebugMaterials/ShadedLevelColorationUnlitMateri.uasset" 222
"../../../Engine/Content/EngineDebugMaterials/VertexColorMaterial.uasset" 223
"../../../Engine/Content/EngineDebugMaterials/VertexColorViewMode_AlphaAsColor.uasset" 224
"../../../Engine/Content/EngineDebugMaterials/VertexColorViewMode_BlueOnly.uasset" 225
"../../../Engine/Content/EngineDebugMaterials/VertexColorViewMode_ColorOnly.uasset" 226
"../../../Engine/Content/EngineDebugMaterials/VertexColorViewMode_GreenOnly.uasset" 227
"../../../Engine/Content/EngineDebugMaterials/VertexColorViewMode_RedOnly.uasset" 228
"../../../Engine/Content/EngineDebugMaterials/WireframeMaterial.uasset" 229
"../../../Engine/Content/EngineFonts/Faces/RobotoRegular.uasset" 230
"../../../Engine/Content/EngineFonts/Faces/RobotoLight.uasset" 231
"../../../Engine/Content/EngineFonts/Faces/RobotoItalic.uasset" 232
"../../../Engine/Content/EngineFonts/Faces/RobotoBoldItalic.uasset" 233
"../../../Engine/Content/EngineFonts/Faces/RobotoBold.uasset" 234
"../../../Engine/Content/EngineFonts/Faces/DroidSansFallback.uasset" 235
"../../../Engine/Content/EngineFonts/Roboto.uasset" 236
"../../../Engine/Content/EngineFonts/Faces/RobotoTiny.uasset" 237
"../../../Engine/Content/EngineFonts/RobotoTiny.uasset" 238
"../../../Engine/Content/EngineFonts/SmallFont.uasset" 239
"../../../Engine/Content/EngineFonts/TinyFont.uasset" 240
"../../../Engine/Content/EngineMaterials/BaseFlattenNormalMap.uasset" 241
"../../../Engine/Content/EngineMaterials/BaseFlattenGrayscaleMap.uasset" 242
"../../../Engine/Content/EngineMaterials/BaseFlattenEmissiveMap.uasset" 243
"../../../Engine/Content/EngineMaterials/BaseFlattenDiffuseMap.uasset" 244
"../../../Engine/Content/EngineMaterials/BaseFlattenMaterial.uasset" 245
"../../../Engine/Content/EngineResources/WhiteSquareTexture.uasset" 246
"../../../Engine/Content/EngineMaterials/BlinkingCaret.uasset" 247
"../../../Engine/Content/EngineMaterials/BlueNoise.uasset" 248
"../../../Engine/Content/EngineMaterials/DefaultBloomKernel.uasset" 249
"../../../Engine/Content/EngineMaterials/DefaultBokeh.uasset" 250
"../../../Engine/Content/EngineMaterials/DefaultDeferredDecalMaterial.uasset" 251
"../../../Engine/Content/EngineMaterials/DefaultLightFunctionMaterial.uasset" 252
"../../../Engine/Content/EngineMaterials/DefaultNormal.uasset" 253
"../../../Engine/Content/EngineMaterials/DefaultPostProcessMaterial.uasset" 254
"../../../Engine/Content/EngineFonts/RobotoDistanceField.uasset" 255
"../../../Engine/Content/EngineMaterials/DefaultTextMaterialOpaque.uasset" 256
"../../../Engine/Content/EngineMaterials/EditorBrushMaterial.uasset" 257
"../../../Engine/Content/EngineMaterials/EmissiveMeshMaterial.uasset" 258
"../../../Engine/Content/EngineMaterials/GizmoMaterial.uasset" 259
"../../../Engine/Content/EngineMaterials/Good64x64TilingNoiseHighFreq.uasset" 260
"../../../Engine/Content/EngineMaterials/Grid_N.uasset" 261
"../../../Engine/Content/EngineMaterials/HighResolutionScreenshotMaskFunction.uasset" 262
"../../../Engine/Content/EngineMaterials/HighResScreenshot.uasset" 263
"../../../Engine/Content/EngineMaterials/HighResScreenshotCaptureRegion.uasset" 264
"../../../Engine/Content/EngineMaterials/HighResScreenshotMask.uasset" 265
"../../../Engine/Content/EngineMaterials/LandscapeHolePhysicalMaterial.uasset" 266
"../../../Engine/Content/EngineMaterials/InvalidLightmapSettings.uasset" 267
"../../../Engine/Content/EngineMaterials/M_InvalidLightmapSettings.uasset" 268
"../../../Engine/Content/EngineMaterials/PaperDiffuse.uasset" 269
"../../../Engine/Content/EngineMaterials/PaperNormal.uasset" 270
"../../../Engine/Content/Functions/Engine_MaterialFunctions02/WorldPositionOffset/CameraOffset.uasset" 271
"../../../Engine/Content/EngineMaterials/PhAT_JointLimitMaterial.uasset" 272
"../../../Engine/Content/EngineMaterials/PhysMat_Rubber.uasset" 273
"../../../Engine/Content/EngineMaterials/PreintegratedSkinBRDF.uasset" 274
"../../../Engine/Content/EngineMaterials/RemoveSurfaceMaterial.uasset" 275
"../../../Engine/Content/EngineMaterials/WeightMapPlaceholderTexture.uasset" 276
"../../../Engine/Content/Functions/Engine_MaterialFunctions01/ImageAdjustment/sRGBToLinear.uasset" 277
"../../../Engine/Content/Functions/Engine_MaterialFunctions02/Utility/BreakOutFloat3Components.uasset" 278
"../../../Engine/Content/EngineMaterials/Widget3DCameraPassThrough_Opaque_OneSided.uasset" 279
"../../../Engine/Content/EngineMaterials/Widget3DPassThrough.uasset" 280
"../../../Engine/Content/EngineMaterials/Widget3DPassThrough_Masked.uasset" 281
"../../../Engine/Content/EngineMaterials/Widget3DPassThrough_Opaque.uasset" 282
"../../../Engine/Content/EngineMaterials/Widget3DPassThrough_Masked_OneSided.uasset" 283
"../../../Engine/Content/EngineMaterials/Widget3DPassThrough_Opaque_OneSided.uasset" 284
"../../../Engine/Content/EngineMaterials/Widget3DPassThrough_Translucent.uasset" 285
"../../../Engine/Content/EngineMaterials/Widget3DPassThrough_Translucent_OneSided.uasset" 286
"../../../Engine/Content/EngineMeshes/Cylinder.uasset" 287
"../../../Engine/Content/EngineMeshes/Sphere.uasset" 288
"../../../Engine/Content/EngineResources/DefaultTextureCube.uasset" 289
"../../../Engine/Content/EngineResources/DefaultVolumeTexture2D.uasset" 290
"../../../Engine/Content/EngineResources/DefaultVolumeTexture.uasset" 291
"../../../Engine/Content/EngineResources/GradientTexture0.uasset" 292
"../../../Engine/Content/EngineResources/StreamingPauseIcon.uasset" 293
"../../../Engine/Content/EngineResources/M_StreamingPause.uasset" 294
"../../../Engine/Content/EngineSky/VolumetricClouds/T_NoiseShape64.uasset" 295
"../../../Engine/Content/EngineSky/VolumetricClouds/T_VolumeNoiseShape64.uasset" 296
"../../../Engine/Content/EngineSky/VolumetricClouds/T_NoiseErosion.uasset" 297
"../../../Engine/Content/EngineSky/VolumetricClouds/T_VolumeNoiseErosion32.uasset" 298
"../../../Engine/Content/EngineSky/VolumetricClouds/CloudWeatherTexture.uasset" 299
"../../../Engine/Content/EngineSky/VolumetricClouds/CloudGradientTexture.uasset" 300
"../../../Engine/Content/EngineSky/VolumetricClouds/m_SimpleVolumetricCloud.uasset" 301
"../../../Engine/Content/EngineSky/VolumetricClouds/m_SimpleVolumetricCloud_Inst.uasset" 302
"../../../Engine/Content/EngineSounds/Master.uasset" 303
"../../../Engine/Content/Functions/Engine_MaterialFunctions01/Shading/PowerToRoughness.uasset" 304
"../../../Engine/Content/Maps/Templates/Thumbnails/Default.uasset" 305
"../../../Engine/Content/Maps/Templates/Thumbnails/TimeOfDay.uasset" 306
"../../../Engine/Content/Maps/Templates/Thumbnails/VR-Basic.uasset" 307
"../../../Engine/Content/MapTemplates/Sky/DaylightAmbientCubemap.uasset" 308
"../../../Engine/Content/MobileResources/T_MobileControls_texture.uasset" 309
"../../../Engine/Content/MobileResources/T_MobileMenu2.uasset" 310
"../../../Engine/Content/MobileResources/HUD/AnalogHat.uasset" 311
"../../../Engine/Content/MobileResources/HUD/VirtualJoystick_Thumb.uasset" 312
"../../../Engine/Content/MobileResources/HUD/VirtualJoystick_Background.uasset" 313
"../../../Engine/Content/MobileResources/HUD/DefaultVirtualJoysticks.uasset" 314
"../../../Engine/Content/MobileResources/HUD/LeftVirtualJoystickOnly.uasset" 315
"../../../Engine/Content/MobileResources/HUD/MobileHUDButton1_off.uasset" 316
"../../../Engine/Content/MobileResources/HUD/MobileHUDButton1_on.uasset" 317
"../../../Engine/Content/MobileResources/HUD/MobileHUDButton2_off.uasset" 318
"../../../Engine/Content/MobileResources/HUD/MobileHUDButton2_on.uasset" 319
"../../../Engine/Content/MobileResources/HUD/MobileHUDButton3.uasset" 320
"../../../Engine/Content/MobileResources/HUD/MobileHUDButtonFire.uasset" 321
"../../../Engine/Content/MobileResources/HUD/MobileHUDDirectionPad.uasset" 322
"../../../Engine/Content/MobileResources/HUD/MobileHUDDirectionPad2.uasset" 323
"../../../Engine/Content/MobileResources/HUD/MobileHUDDirectionPad3.uasset" 324
"../../../Engine/Content/MobileResources/HUD/MobileHUDDirectionStick.uasset" 325
"../../../Engine/Content/MobileResources/HUD/T_Castle_ThumbstickInner.uasset" 326
"../../../Engine/Content/MobileResources/HUD/T_Castle_ThumbstickOutter.uasset" 327
"../../../Engine/Content/Tutorial/ContentIntroCurve.uasset" 328
"../../../Engine/Content/Tutorial/Basics/LevelEditorAttract.uasset" 329
"../../../Engine/Content/Tutorial/Basics/TutorialAssets/icon_tab_Levels_40x.uasset" 330
"../../../Engine/Content/Tutorial/Basics/LevelEditorOverview.uasset" 331
"../../../Engine/Content/Tutorial/BlueprintTutorials/TutorialAssets/Blueprint_64x.uasset" 332
"../../../Engine/Content/Tutorial/BlueprintTutorials/BlueprintEditorTutorial.uasset" 333
"../../../Engine/Content/Tutorial/BlueprintTutorials/TutorialAssets/Tutorial_BP_MacroLib.uasset" 334
"../../../Engine/Content/Tutorial/Installation/InstallingVisualStudioTutorial.uasset" 335
"../../../Engine/Content/VREditor/TransformGizmo/TranslucentTransformGizmoMaterial.uasset" 336
"../../../Engine/Content/VREditor/LaserPointer/VR_LaserPower_01.uasset" 337
"../../../Engine/Content/VREditor/TransformGizmo/TransformGizmoMaterial.uasset" 338
"../../../Engine/Content/VREditor/TransformGizmo/BoundingBoxCorner.uasset" 339
"../../../Engine/Content/VREditor/TransformGizmo/BoundingBoxEdge.uasset" 340
"../../../Engine/Content/VREditor/TransformGizmo/PlaneTranslationHandle.uasset" 341
"../../../Engine/Content/VREditor/TransformGizmo/Xray.uasset" 342
"../../../Engine/Content/VREditor/TransformGizmo/Main.uasset" 343
"../../../Engine/Content/VREditor/TransformGizmo/SM_Sequencer_Key.uasset" 344
"../../../Engine/Content/VREditor/TransformGizmo/SM_Sequencer_Node.uasset" 345
"../../Plugins/2D/Paper2D/Content/PlaceholderTextures/DummySpriteTexture.uasset" 346
"../../Plugins/2D/Paper2D/Content/DummySprite.uasset" 347
"../../Plugins/2D/Paper2D/Content/DefaultPaperTerrainMaterial.uasset" 348
"../../Plugins/2D/Paper2D/Content/DefaultSpriteMaterial.uasset" 349
"../../Plugins/2D/Paper2D/Content/MaskedUnlitSpriteMaterial.uasset" 350
"../../Plugins/2D/Paper2D/Content/OpaqueUnlitSpriteMaterial.uasset" 351
"../../Plugins/Editor/SpeedTreeImporter/Content/SpeedTree9/UnpackInteger3.uasset" 352
"../../Plugins/Editor/SpeedTreeImporter/Content/SpeedTree9/UnpackDirection.uasset" 353
"../../Plugins/Editor/SpeedTreeImporter/Content/SpeedTree9/game_wind_noise.uasset" 354
"../../../Engine/Content/Functions/Engine_MaterialFunctions02/SafeNormalize.uasset" 355
"../../Plugins/Editor/SpeedTreeImporter/Content/SpeedTree9/SpeedTreeWindMotion.uasset" 356
"../../Plugins/Editor/SpeedTreeImporter/Content/SpeedTree9/SpeedTreeBranchMotion.uasset" 357
"../../../Engine/Content/Functions/Engine_MaterialFunctions02/ObjectLocalBounds.uasset" 358
"../../../Engine/Content/Functions/Engine_MaterialFunctions02/UVs/BoundingBoxBased_0-1_UVW.uasset" 359
"../../Plugins/Editor/SpeedTreeImporter/Content/SpeedTree9/SpeedTreeWind.uasset" 360
"../../Plugins/Editor/SpeedTreeImporter/Content/SpeedTree9/SpeedTreeBillboard.uasset" 361
"../../../Engine/Content/EngineResources/DefaultTexture.uasset" 362
"../../Plugins/Editor/SpeedTreeImporter/Content/SpeedTree9/SpeedTreeBillboardMaster.uasset" 363
"../../Plugins/Editor/SpeedTreeImporter/Content/SpeedTree9/SpeedTreeCameraFacing.uasset" 364
"../../Plugins/Editor/SpeedTreeImporter/Content/SpeedTree9/SpeedTreeMaster.uasset" 365
"../../../Engine/Content/BasicShapes/Cylinder.uasset" 366
"../../../Engine/Content/ArtTools/RenderToTexture/Materials/Debug/M_Emissive_Color.uasset" 367
"../../Plugins/Lumin/MagicLeapPassableWorld/Content/MagicLeapARPinInfoActor.uasset" 368
"../../Plugins/FX/Niagara/Content/Enums/ENiagaraAnimTrailWidthMode.uasset" 369
"../../Plugins/FX/Niagara/Content/Enums/ENiagaraArraySamplingMode.uasset" 370
"../../Plugins/FX/Niagara/Content/Enums/ENiagaraBoneSamplingMode.uasset" 371
"../../Plugins/FX/Niagara/Content/Enums/ENiagaraBoneSocketSamplingMode.uasset" 372
"../../Plugins/FX/Niagara/Content/Enums/ENiagaraBooleanLogicOps.uasset" 373
"../../Plugins/FX/Niagara/Content/Enums/ENiagaraBooleanLogicOps_v2.uasset" 374
"../../Plugins/FX/Niagara/Content/Enums/ENiagaraCalculateRadiusOptions.uasset" 375
"../../Plugins/FX/Niagara/Content/Enums/ENiagaraChannelCorrelation.uasset" 376
"../../Plugins/FX/Niagara/Content/Enums/ENiagaraCollisionRadiusOptions.uasset" 377
"../../Plugins/FX/Niagara/Content/Enums/ENiagaraCoordinateSpace.uasset" 378
"../../Plugins/FX/Niagara/Content/Enums/ENiagaraCurlNoiseQuality.uasset" 379
"../../Plugins/FX/Niagara/Content/Enums/ENiagaraEmitterLifeCycleMode.uasset" 380
"../../Plugins/FX/Niagara/Content/Enums/ENiagaraEmitterScalabilityMode.uasset" 381
"../../Plugins/FX/Niagara/Content/Enums/ENiagaraEmitterScalabilityMode_Limited.uasset" 382
"../../Plugins/FX/Niagara/Content/Enums/ENiagaraExecutionStateManagement.uasset" 383
"../../Plugins/FX/Niagara/Content/Enums/ENiagaraExpansionMode.uasset" 384
"../../Plugins/FX/Niagara/Content/Enums/ENiagaraFrictionMergeType.uasset" 385
"../../Plugins/FX/Niagara/Content/Enums/ENiagaraGPUDepthResponseType.uasset" 386
"../../Plugins/FX/Niagara/Content/Enums/ENiagaraGridPlacementType.uasset" 387
"../../Plugins/FX/Niagara/Content/Enums/ENiagaraInactiveMode.uasset" 388
"../../Plugins/FX/Niagara/Content/Enums/ENiagaraKillVolumeOptions.uasset" 389
"../../Plugins/FX/Niagara/Content/Enums/ENiagaraLinearColor_Channels.uasset" 390
"../../Plugins/FX/Niagara/Content/Enums/ENiagaraMassByVolume.uasset" 391
"../../Plugins/FX/Niagara/Content/Enums/ENiagaraMassCalculationForRendererTypes.uasset" 392
"../../Plugins/FX/Niagara/Content/Enums/ENiagaraMeshOrSprite.uasset" 393
"../../Plugins/FX/Niagara/Content/Enums/ENiagaraMeshSamplingMode.uasset" 394
"../../Plugins/FX/Niagara/Content/Enums/ENiagaraMeshSurfaceSamplingMode.uasset" 395
"../../Plugins/FX/Niagara/Content/Enums/ENiagaraMeshTransforms.uasset" 396
"../../Plugins/FX/Niagara/Content/Enums/ENiagaraMinOrMax.uasset" 397
"../../Plugins/FX/Niagara/Content/Enums/ENiagaraNumericVariableTypes.uasset" 398
"../../Plugins/FX/Niagara/Content/Enums/ENiagaraOrientationAxis.uasset" 399
"../../Plugins/FX/Niagara/Content/Enums/ENiagaraQuaternionDerivationTechnique.uasset" 400
"../../Plugins/FX/Niagara/Content/Enums/ENiagaraRandomnessEvaluation.uasset" 401
"../../Plugins/FX/Niagara/Content/Enums/ENiagaraRandomnessMode.uasset" 402
"../../Plugins/FX/Niagara/Content/Enums/ENiagaraRestitutionMergeType.uasset" 403
"../../Plugins/FX/Niagara/Content/Enums/ENiagaraScaleColorMode.uasset" 404
"../../Plugins/FX/Niagara/Content/Enums/ENiagaraSimulationTarget.uasset" 405
"../../Plugins/FX/Niagara/Content/Enums/ENiagaraSkeletalSpawning.uasset" 406
"../../Plugins/FX/Niagara/Content/Enums/ENiagaraSkelSamplingFilteringMode.uasset" 407
"../../Plugins/FX/Niagara/Content/Enums/ENiagaraSkelSamplingModeFull.uasset" 408
"../../Plugins/FX/Niagara/Content/Enums/ENiagaraSocketSamplingMode.uasset" 409
"../../Plugins/FX/Niagara/Content/Enums/ENiagaraSphereDistributionMode.uasset" 410
"../../Plugins/FX/Niagara/Content/Enums/ENiagaraSUbUVAnimationMode.uasset" 411
"../../Plugins/FX/Niagara/Content/Enums/ENiagaraSystemInactiveMode.uasset" 412
"../../Plugins/FX/Niagara/Content/Enums/ENiagaraTorusDistributionMode.uasset" 413
"../../Plugins/FX/Niagara/Content/Enums/ENiagaraTorusMode.uasset" 414
"../../Plugins/FX/Niagara/Content/Enums/ENiagaraTriangleSamplingMode.uasset" 415
"../../Plugins/FX/Niagara/Content/Enums/ENiagaraVector2_Channels.uasset" 416
"../../Plugins/FX/Niagara/Content/Enums/ENiagaraVector3_Channels.uasset" 417
"../../Plugins/FX/Niagara/Content/Enums/ENiagaraVector4_Channels.uasset" 418
"../../Plugins/FX/Niagara/Content/Enums/ENiagaraVertexFilteringMode.uasset" 419
"../../Plugins/FX/Niagara/Content/Enums/ENiagaraVertexSamplingMode.uasset" 420
"../../Plugins/FX/Niagara/Content/Enums/ENiagara_AudioParamType.uasset" 421
"../../Plugins/FX/Niagara/Content/Enums/ENiagara_BankOnTurns.uasset" 422
"../../Plugins/FX/Niagara/Content/Enums/ENiagara_CameraMeshOrientation.uasset" 423
"../../Plugins/FX/Niagara/Content/Enums/ENiagara_CameraProperties.uasset" 424
"../../Plugins/FX/Niagara/Content/Enums/ENiagara_CollisionType.uasset" 425
"../../Plugins/FX/Niagara/Content/Enums/ENiagara_ColorInitializationMode.uasset" 426
"../../Plugins/FX/Niagara/Content/Enums/ENiagara_CPUCollisionType.uasset" 427
"../../Plugins/FX/Niagara/Content/Enums/ENiagara_DirectReadApplicationMode.uasset" 428
"../../Plugins/FX/Niagara/Content/Enums/ENiagara_DirectReadParticleIDSampling.uasset" 429
"../../Plugins/FX/Niagara/Content/Enums/ENiagara_DirectReadSamplingMode.uasset" 430
"../../Plugins/FX/Niagara/Content/Enums/ENiagara_EmitterLocSamplingMode.uasset" 431
"../../Plugins/FX/Niagara/Content/Enums/ENiagara_EmitterStateOptions.uasset" 432
"../../Plugins/FX/Niagara/Content/Enums/ENiagara_FadeOperationType.uasset" 433
"../../Plugins/FX/Niagara/Content/Enums/ENiagara_Float4Channel.uasset" 434
"../../Plugins/FX/Niagara/Content/Enums/ENiagara_GPUCollisionType.uasset" 435
"../../Plugins/FX/Niagara/Content/Enums/ENiagara_IDAttributes.uasset" 436
"../../Plugins/FX/Niagara/Content/Enums/ENiagara_InfiniteLoopDuration.uasset" 437
"../../Plugins/FX/Niagara/Content/Enums/ENiagara_LifetimeInheritanceOptions.uasset" 438
"../../Plugins/FX/Niagara/Content/Enums/ENiagara_LifetimeMode.uasset" 439
"../../Plugins/FX/Niagara/Content/Enums/ENiagara_MassInitializationMode.uasset" 440
"../../Plugins/FX/Niagara/Content/Enums/ENiagara_MultipleLerpCount.uasset" 441
"../../Plugins/FX/Niagara/Content/Enums/ENiagara_PositionInitializationMode.uasset" 442
"../../Plugins/FX/Niagara/Content/Enums/ENiagara_RotationDefinitionApproach.uasset" 443
"../../Plugins/FX/Niagara/Content/Enums/ENiagara_SizeScaleMode.uasset" 444
"../../Plugins/FX/Niagara/Content/Enums/ENiagara_SpawnBurstMode.uasset" 445
"../../Plugins/FX/Niagara/Content/Enums/ENiagara_SpriteRotationMode.uasset" 446
"../../Plugins/FX/Niagara/Content/Enums/ENiagara_SubUVLookupMode.uasset" 447
"../../Plugins/FX/Niagara/Content/Enums/ENiagara_TransformBaseOptions.uasset" 448
"../../Plugins/FX/Niagara/Content/Enums/ENiagara_TransformMode.uasset" 449
"../../Plugins/FX/Niagara/Content/Enums/ENiagara_TransformOrientationMode.uasset" 450
"../../Plugins/FX/Niagara/Content/Enums/ENiagara_UVFlippingMode.uasset" 451
"../../Plugins/FX/Niagara/Content/Enums/Niagara_Units.uasset" 452
"../../Plugins/FX/Niagara/Content/Enums/CascadeConversion/ECascadeNiagaraOrbitChainMode.uasset" 453
"../../Plugins/FX/Niagara/Content/Enums/CascadeConversion/ECascadeNiagaraTwoVectorChannels.uasset" 454
"../../Plugins/FX/Niagara/Content/Icons/S_ParticleSystem.uasset" 455
"../../../Engine/Content/Functions/Engine_MaterialFunctions02/Utility/BreakOutFloat4Components.uasset" 456
"../../Plugins/Runtime/Oculus/OculusVR/Content/Materials/OculusMR_ChromaKey.uasset" 457
"../../Plugins/Runtime/Oculus/OculusVR/Content/Materials/OculusMR_OpaqueColoredMaterial.uasset" 458
"../../Plugins/Runtime/Oculus/OculusVR/Content/Materials/PokeAHoleMaterial.uasset" 459
"../../../Engine/Content/Maps/Entry_BuiltData.uasset" 460
"../../../Engine/Content/Maps/Entry.umap" 461
"../../../../../Desktop/hw22/Unreal_min_3D_FPS_hw22/hw22_3D_FPS/Content/map/hw22_FPS_BuiltData.uasset" 462
"../../../../../Desktop/hw22/Unreal_min_3D_FPS_hw22/hw22_3D_FPS/Content/EF_Gus/Textures/VistaWindows_a_e.uasset" 463
"../../../../../Desktop/hw22/Unreal_min_3D_FPS_hw22/hw22_3D_FPS/Content/EF_Gus/Common/MasterMaterial/DefaultTextures/White.uasset" 464
"../../../../../Desktop/hw22/Unreal_min_3D_FPS_hw22/hw22_3D_FPS/Content/EF_Gus/Common/MasterMaterial/DefaultTextures/Grey50.uasset" 465
"../../../../../Desktop/hw22/Unreal_min_3D_FPS_hw22/hw22_3D_FPS/Content/EF_Gus/Common/MasterMaterial/DefaultTextures/Black.uasset" 466
"../../../../../Desktop/hw22/Unreal_min_3D_FPS_hw22/hw22_3D_FPS/Content/EF_Gus/Common/MasterMaterial/DefaultTextures/Test_c.uasset" 467
"../../../Engine/Content/EngineMaterials/FlatNormal.uasset" 468
"../../../../../Desktop/hw22/Unreal_min_3D_FPS_hw22/hw22_3D_FPS/Content/EF_Gus/Common/MasterMaterial/Functions/Master_Props_MatFunc.uasset" 469
"../../../../../Desktop/hw22/Unreal_min_3D_FPS_hw22/hw22_3D_FPS/Content/EF_Gus/Common/MasterMaterial/DefaultTextures/Neutral_N.uasset" 470
"../../../../../Desktop/hw22/Unreal_min_3D_FPS_hw22/hw22_3D_FPS/Content/EF_Gus/Common/MasterMaterial/Master_Props_Emmisive_Mat.uasset" 471
"../../../../../Desktop/hw22/Unreal_min_3D_FPS_hw22/hw22_3D_FPS/Content/EF_Gus/Materials/VistaWindows_a_Mat.uasset" 472
"../../../../../Desktop/hw22/Unreal_min_3D_FPS_hw22/hw22_3D_FPS/Content/EF_Gus/Common/MasterMaterial/MASTER_BaseColor_Mat.uasset" 473
"../../../../../Desktop/hw22/Unreal_min_3D_FPS_hw22/hw22_3D_FPS/Content/EF_Gus/Common/Materials/SolidColor/GreyMatte_Mat.uasset" 474
"../../../../../Desktop/hw22/Unreal_min_3D_FPS_hw22/hw22_3D_FPS/Content/EF_Gus/Meshes/VistaBuilding_b.uasset" 475
"../../../../../Desktop/hw22/Unreal_min_3D_FPS_hw22/hw22_3D_FPS/Content/EF_Gus/Common/PhysicalMaterials/FootstepMaterials/Stairs_Concrete.uasset" 476
"../../../../../Desktop/hw22/Unreal_min_3D_FPS_hw22/hw22_3D_FPS/Content/EF_Gus/Common/Materials/Concrete/ConcreteWallRough_a_r.uasset" 477
"../../../../../Desktop/hw22/Unreal_min_3D_FPS_hw22/hw22_3D_FPS/Content/EF_Gus/Common/Materials/Concrete/ConcreteWallRough_a_n.uasset" 478
"../../../../../Desktop/hw22/Unreal_min_3D_FPS_hw22/hw22_3D_FPS/Content/EF_Gus/Common/Materials/Concrete/ConcreteWallRough_a_c.uasset" 479
"../../../Engine/Content/EngineResources/Black.uasset" 480
"../../../../../Desktop/hw22/Unreal_min_3D_FPS_hw22/hw22_3D_FPS/Content/EF_Gus/Common/MasterMaterial/Master_WorldMaterial_Mat.uasset" 481
"../../../../../Desktop/hw22/Unreal_min_3D_FPS_hw22/hw22_3D_FPS/Content/EF_Gus/Common/Materials/Concrete/WM_ConcreteWallRough_mat.uasset" 482
"../../../../../Desktop/hw22/Unreal_min_3D_FPS_hw22/hw22_3D_FPS/Content/EF_Gus/Meshes/RetainingWall_PreLandslide_Piece_b.uasset" 483
"../../../../../Desktop/hw22/Unreal_min_3D_FPS_hw22/hw22_3D_FPS/Content/EF_Gus/Common/Materials/Metal/Rebar_R.uasset" 484
"../../../../../Desktop/hw22/Unreal_min_3D_FPS_hw22/hw22_3D_FPS/Content/EF_Gus/Common/Materials/Metal/Rebar_N.uasset" 485
"../../../../../Desktop/hw22/Unreal_min_3D_FPS_hw22/hw22_3D_FPS/Content/EF_Gus/Common/Materials/Metal/Rebar_C.uasset" 486
"../../../../../Desktop/hw22/Unreal_min_3D_FPS_hw22/hw22_3D_FPS/Content/EF_Gus/Common/Materials/Metal/WM_MetalRebar_mat.uasset" 487
"../../../../../Desktop/hw22/Unreal_min_3D_FPS_hw22/hw22_3D_FPS/Content/EF_Gus/Common/Materials/Concrete/ConcreteChunky_a_R.uasset" 488
"../../../../../Desktop/hw22/Unreal_min_3D_FPS_hw22/hw22_3D_FPS/Content/EF_Gus/Common/Materials/Concrete/ConcreteChunky_a_N.uasset" 489
"../../../../../Desktop/hw22/Unreal_min_3D_FPS_hw22/hw22_3D_FPS/Content/EF_Gus/Common/Materials/Concrete/ConcreteChunky_a_C.uasset" 490
"../../../../../Desktop/hw22/Unreal_min_3D_FPS_hw22/hw22_3D_FPS/Content/EF_Gus/Common/Materials/Concrete/WM_ConcreteChunky_mat.uasset" 491
"../../../../../Desktop/hw22/Unreal_min_3D_FPS_hw22/hw22_3D_FPS/Content/EF_Gus/Meshes/RetainingWall_Piece_b.uasset" 492
"../../../../../Desktop/hw22/Unreal_min_3D_FPS_hw22/hw22_3D_FPS/Content/EF_Gus/Common/Materials/Metal/Iron_a_r.uasset" 493
"../../../../../Desktop/hw22/Unreal_min_3D_FPS_hw22/hw22_3D_FPS/Content/EF_Gus/Common/Materials/Metal/Iron_a_n.uasset" 494
"../../../../../Desktop/hw22/Unreal_min_3D_FPS_hw22/hw22_3D_FPS/Content/EF_Gus/Common/Materials/Metal/Iron_a_c.uasset" 495
"../../../../../Desktop/hw22/Unreal_min_3D_FPS_hw22/hw22_3D_FPS/Content/EF_Gus/Common/Materials/Metal/WM_Iron_a_Mat.uasset" 496
"../../../../../Desktop/hw22/Unreal_min_3D_FPS_hw22/hw22_3D_FPS/Content/EF_Gus/Meshes/RetainingWall_grating.uasset" 497
"../../../../../Desktop/hw22/Unreal_min_3D_FPS_hw22/hw22_3D_FPS/Content/EF_Gus/Meshes/RetainingWall_Chunk_e.uasset" 498
"../../../../../Desktop/hw22/Unreal_min_3D_FPS_hw22/hw22_3D_FPS/Content/EF_Gus/Meshes/RetainingWall_Chunk_c.uasset" 499
"../../../../../Desktop/hw22/Unreal_min_3D_FPS_hw22/hw22_3D_FPS/Content/EF_Gus/Meshes/RetainingWall_Chunk_b.uasset" 500
"../../../../../Desktop/hw22/Unreal_min_3D_FPS_hw22/hw22_3D_FPS/Content/EF_Gus/Common/Materials/Rock/CliffRock_a_r.uasset" 501
"../../../../../Desktop/hw22/Unreal_min_3D_FPS_hw22/hw22_3D_FPS/Content/EF_Gus/Common/Materials/Rock/CliffRock_a_n.uasset" 502
"../../../../../Desktop/hw22/Unreal_min_3D_FPS_hw22/hw22_3D_FPS/Content/EF_Gus/Common/Materials/Rock/CliffRock_a_c.uasset" 503
"../../../../../Desktop/hw22/Unreal_min_3D_FPS_hw22/hw22_3D_FPS/Content/EF_Gus/Materials/MasterVertLerp_Mat.uasset" 504
"../../../../../Desktop/hw22/Unreal_min_3D_FPS_hw22/hw22_3D_FPS/Content/EF_Gus/Common/Materials/Soil/WM_Moss_a_R.uasset" 505
"../../../../../Desktop/hw22/Unreal_min_3D_FPS_hw22/hw22_3D_FPS/Content/EF_Gus/Common/Materials/Soil/WM_Moss_a_N.uasset" 506
"../../../../../Desktop/hw22/Unreal_min_3D_FPS_hw22/hw22_3D_FPS/Content/EF_Gus/Common/Materials/Soil/WM_Moss_a_C.uasset" 507
"../../../../../Desktop/hw22/Unreal_min_3D_FPS_hw22/hw22_3D_FPS/Content/EF_Gus/Common/Materials/Soil/CliffSediment_a_r.uasset" 508
"../../../../../Desktop/hw22/Unreal_min_3D_FPS_hw22/hw22_3D_FPS/Content/EF_Gus/Common/Materials/Soil/CliffSediment_a_n.uasset" 509
"../../../../../Desktop/hw22/Unreal_min_3D_FPS_hw22/hw22_3D_FPS/Content/EF_Gus/Common/Materials/Soil/CliffSediment_a_c.uasset" 510
"../../../../../Desktop/hw22/Unreal_min_3D_FPS_hw22/hw22_3D_FPS/Content/EF_Gus/Common/Materials/Soil/CliffSandy_a_r.uasset" 511
"../../../../../Desktop/hw22/Unreal_min_3D_FPS_hw22/hw22_3D_FPS/Content/EF_Gus/Common/Materials/Soil/CliffSandy_a_n.uasset" 512
"../../../../../Desktop/hw22/Unreal_min_3D_FPS_hw22/hw22_3D_FPS/Content/EF_Gus/Common/Materials/Soil/CliffSandy_a_c.uasset" 513
"../../../../../Desktop/hw22/Unreal_min_3D_FPS_hw22/hw22_3D_FPS/Content/EF_Gus/Materials/BackyardCliff_a_Mat.uasset" 514
"../../../../../Desktop/hw22/Unreal_min_3D_FPS_hw22/hw22_3D_FPS/Content/EF_Gus/Common/PhysicalMaterials/Concrete.uasset" 515
"../../../../../Desktop/hw22/Unreal_min_3D_FPS_hw22/hw22_3D_FPS/Content/EF_Gus/Meshes/CliffPlunge_a.uasset" 516
"../../../../../Desktop/hw22/Unreal_min_3D_FPS_hw22/hw22_3D_FPS/Content/EF_Gus/Meshes/CliffPlungeTop_a.uasset" 517
"../../../../../Desktop/hw22/Unreal_min_3D_FPS_hw22/hw22_3D_FPS/Content/EF_Gus/Textures/sails_n.uasset" 518
"../../../../../Desktop/hw22/Unreal_min_3D_FPS_hw22/hw22_3D_FPS/Content/EF_Gus/Textures/sails_c.uasset" 519
"../../../../../Desktop/hw22/Unreal_min_3D_FPS_hw22/hw22_3D_FPS/Content/EF_Gus/Common/MasterMaterial/Master_Flag_Mat.uasset" 520
"../../../../../Desktop/hw22/Unreal_min_3D_FPS_hw22/hw22_3D_FPS/Content/EF_Gus/Materials/Sails_Mat.uasset" 521
"../../../../../Desktop/hw22/Unreal_min_3D_FPS_hw22/hw22_3D_FPS/Content/EF_Gus/Textures/sailboat_c.uasset" 522
"../../../../../Desktop/hw22/Unreal_min_3D_FPS_hw22/hw22_3D_FPS/Content/EF_Gus/Materials/sailboat_mat.uasset" 523
"../../../../../Desktop/hw22/Unreal_min_3D_FPS_hw22/hw22_3D_FPS/Content/EF_Gus/Meshes/Sailboat.uasset" 524
"../../../../../Desktop/hw22/Unreal_min_3D_FPS_hw22/hw22_3D_FPS/Content/EF_Gus/Meshes/RetainingWall_Chunk_a.uasset" 525
"../../../../../Desktop/hw22/Unreal_min_3D_FPS_hw22/hw22_3D_FPS/Content/EF_Gus/Common/PhysicalMaterials/FootstepMaterials/Wood_Indoor_A.uasset" 526
"../../../../../Desktop/hw22/Unreal_min_3D_FPS_hw22/hw22_3D_FPS/Content/EF_Gus/Common/Materials/Wood/WoodRough_c_r.uasset" 527
"../../../../../Desktop/hw22/Unreal_min_3D_FPS_hw22/hw22_3D_FPS/Content/EF_Gus/Common/Materials/Wood/WoodRough_c_n.uasset" 528
"../../../../../Desktop/hw22/Unreal_min_3D_FPS_hw22/hw22_3D_FPS/Content/EF_Gus/Common/Materials/Wood/WoodRough_c_c.uasset" 529
"../../../../../Desktop/hw22/Unreal_min_3D_FPS_hw22/hw22_3D_FPS/Content/EF_Gus/Common/PhysicalMaterials/FootstepMaterials/Wood_Deck_B.uasset" 530
"../../../../../Desktop/hw22/Unreal_min_3D_FPS_hw22/hw22_3D_FPS/Content/EF_Gus/Common/Materials/Wood/WM_WoodRough_c_Mat.uasset" 531
"../../../../../Desktop/hw22/Unreal_min_3D_FPS_hw22/hw22_3D_FPS/Content/EF_Gus/Common/Materials/Wood/WoodPlanksRough_b_r.uasset" 532
"../../../../../Desktop/hw22/Unreal_min_3D_FPS_hw22/hw22_3D_FPS/Content/EF_Gus/Common/Materials/Wood/WoodPlanksRough_b_n.uasset" 533
"../../../../../Desktop/hw22/Unreal_min_3D_FPS_hw22/hw22_3D_FPS/Content/EF_Gus/Common/Materials/Wood/WoodPlanksRough_b_c.uasset" 534
"../../../../../Desktop/hw22/Unreal_min_3D_FPS_hw22/hw22_3D_FPS/Content/EF_Gus/Common/Materials/Wood/WM_WoodPlanksRough_b_Mat.uasset" 535
"../../../../../Desktop/hw22/Unreal_min_3D_FPS_hw22/hw22_3D_FPS/Content/EF_Gus/Common/PhysicalMaterials/FootstepMaterials/Metal_A.uasset" 536
"../../../../../Desktop/hw22/Unreal_min_3D_FPS_hw22/hw22_3D_FPS/Content/EF_Gus/Common/Materials/Metal/MetalRusted_a_r.uasset" 537
"../../../../../Desktop/hw22/Unreal_min_3D_FPS_hw22/hw22_3D_FPS/Content/EF_Gus/Common/Materials/Metal/MetalRusted_a_n.uasset" 538
"../../../../../Desktop/hw22/Unreal_min_3D_FPS_hw22/hw22_3D_FPS/Content/EF_Gus/Common/Materials/Metal/MetalRusted_a_c.uasset" 539
"../../../../../Desktop/hw22/Unreal_min_3D_FPS_hw22/hw22_3D_FPS/Content/EF_Gus/Common/Materials/DetailTextures/DetailNormal_a.uasset" 540
"../../../../../Desktop/hw22/Unreal_min_3D_FPS_hw22/hw22_3D_FPS/Content/EF_Gus/Common/MasterMaterial/Master_Props_Mat.uasset" 541
"../../../../../Desktop/hw22/Unreal_min_3D_FPS_hw22/hw22_3D_FPS/Content/EF_Gus/Common/Materials/Metal/MetalRusted_a_Mat.uasset" 542
"../../../../../Desktop/hw22/Unreal_min_3D_FPS_hw22/hw22_3D_FPS/Content/EF_Gus/Common/PhysicalMaterials/FootstepMaterials/Wood_Deck_A.uasset" 543
"../../../../../Desktop/hw22/Unreal_min_3D_FPS_hw22/hw22_3D_FPS/Content/EF_Gus/Common/Materials/Wood/WoodPlanksFloor_b_R.uasset" 544
"../../../../../Desktop/hw22/Unreal_min_3D_FPS_hw22/hw22_3D_FPS/Content/EF_Gus/Common/Materials/Wood/WoodPlanksFloor_b_N.uasset" 545
"../../../../../Desktop/hw22/Unreal_min_3D_FPS_hw22/hw22_3D_FPS/Content/EF_Gus/Common/Materials/Wood/WoodPlanksFloor_b_C.uasset" 546
"../../../../../Desktop/hw22/Unreal_min_3D_FPS_hw22/hw22_3D_FPS/Content/EF_Gus/Common/Materials/Wood/WM_WoodPlanksFloor_b_mat.uasset" 547
"../../../../../Desktop/hw22/Unreal_min_3D_FPS_hw22/hw22_3D_FPS/Content/EF_Gus/Common/PhysicalMaterials/FootstepMaterials/Wood_Indoor_B.uasset" 548
"../../../../../Desktop/hw22/Unreal_min_3D_FPS_hw22/hw22_3D_FPS/Content/EF_Gus/Common/Materials/Wood/ParticleBoard_a_R.uasset" 549
"../../../../../Desktop/hw22/Unreal_min_3D_FPS_hw22/hw22_3D_FPS/Content/EF_Gus/Common/Materials/Wood/ParticleBoard_a_N.uasset" 550
"../../../../../Desktop/hw22/Unreal_min_3D_FPS_hw22/hw22_3D_FPS/Content/EF_Gus/Common/Materials/Wood/ParticleBoard_a_C.uasset" 551
"../../../../../Desktop/hw22/Unreal_min_3D_FPS_hw22/hw22_3D_FPS/Content/EF_Gus/Common/Materials/Wood/WM_WoodParticleBoard_a_mat.uasset" 552
"../../../../../Desktop/hw22/Unreal_min_3D_FPS_hw22/hw22_3D_FPS/Content/EF_Gus/Common/Materials/Decal/Shingle/WallShinglesBroken_a_r.uasset" 553
"../../../../../Desktop/hw22/Unreal_min_3D_FPS_hw22/hw22_3D_FPS/Content/EF_Gus/Common/Materials/Decal/Shingle/WallShinglesBroken_a_o.uasset" 554
"../../../../../Desktop/hw22/Unreal_min_3D_FPS_hw22/hw22_3D_FPS/Content/EF_Gus/Common/Materials/Decal/Shingle/WallShinglesBroken_a_n.uasset" 555
"../../../../../Desktop/hw22/Unreal_min_3D_FPS_hw22/hw22_3D_FPS/Content/EF_Gus/Common/Materials/Decal/Shingle/WallShinglesBroken_a_c.uasset" 556
"../../../../../Desktop/hw22/Unreal_min_3D_FPS_hw22/hw22_3D_FPS/Content/EF_Gus/Common/Materials/Shingles/WallShingles_b_r.uasset" 557
"../../../../../Desktop/hw22/Unreal_min_3D_FPS_hw22/hw22_3D_FPS/Content/EF_Gus/Common/Materials/Shingles/WallShingles_b_h.uasset" 558
"../../../../../Desktop/hw22/Unreal_min_3D_FPS_hw22/hw22_3D_FPS/Content/EF_Gus/Common/Materials/Shingles/WallShingles_b_c.uasset" 559
"../../../../../Desktop/hw22/Unreal_min_3D_FPS_hw22/hw22_3D_FPS/Content/EF_Gus/Common/Materials/Shingles/WallShingles_a_r.uasset" 560
"../../../../../Desktop/hw22/Unreal_min_3D_FPS_hw22/hw22_3D_FPS/Content/EF_Gus/Common/Materials/Shingles/WallShingles_a_n.uasset" 561
"../../../../../Desktop/hw22/Unreal_min_3D_FPS_hw22/hw22_3D_FPS/Content/EF_Gus/Common/Materials/Shingles/WallShingles_a_c.uasset" 562
"../../../../../Desktop/hw22/Unreal_min_3D_FPS_hw22/hw22_3D_FPS/Content/EF_Gus/Common/MasterMaterial/DefaultTextures/Dirt_NoiseLarge_alpha.uasset" 563
"../../../../../Desktop/hw22/Unreal_min_3D_FPS_hw22/hw22_3D_FPS/Content/EF_Gus/Common/MasterMaterial/Functions/POM_Fn.uasset" 564
"../../../../../Desktop/hw22/Unreal_min_3D_FPS_hw22/hw22_3D_FPS/Content/EF_Gus/Common/MasterMaterial/DefaultTextures/Grey50_BC.uasset" 565
"../../../Engine/Content/Functions/Engine_MaterialFunctions01/Gradient/LinearGradient.uasset" 566
"../../../Engine/Content/Functions/Engine_MaterialFunctions01/ImageAdjustment/CheapContrast.uasset" 567
"../../../../../Desktop/hw22/Unreal_min_3D_FPS_hw22/hw22_3D_FPS/Content/EF_Gus/Common/MasterMaterial/Functions/GsLayerBlend_AddHeight_Fn.uasset" 568
"../../../../../Desktop/hw22/Unreal_min_3D_FPS_hw22/hw22_3D_FPS/Content/EF_Gus/Common/MasterMaterial/Master_VertHeightLerp_Mat.uasset" 569
"../../../../../Desktop/hw22/Unreal_min_3D_FPS_hw22/hw22_3D_FPS/Content/EF_Gus/Common/Materials/Shingles/WM_WallShingles_d_Mat.uasset" 570
"../../../../../Desktop/hw22/Unreal_min_3D_FPS_hw22/hw22_3D_FPS/Content/EF_Gus/Meshes/LeanTo.uasset" 571
"../../../../../Desktop/hw22/Unreal_min_3D_FPS_hw22/hw22_3D_FPS/Content/EF_Gus/Common/PhysicalMaterials/FootstepMaterials/Stairs_Wood_Hollow.uasset" 572
"../../../../../Desktop/hw22/Unreal_min_3D_FPS_hw22/hw22_3D_FPS/Content/EF_Gus/Meshes/CliffStairs_a.uasset" 573
"../../../../../Desktop/hw22/Unreal_min_3D_FPS_hw22/hw22_3D_FPS/Content/EF_Gus/Shared/Hunger/Environments/Beach/SeaGrass/SeaGrass_a_Mat.uasset" 574
"../../../../../Desktop/hw22/Unreal_min_3D_FPS_hw22/hw22_3D_FPS/Content/EF_Gus/Shared/Hunger/Environments/Beach/SeaGrass/SeaGrass_a.uasset" 575
"../../../../../Desktop/hw22/Unreal_min_3D_FPS_hw22/hw22_3D_FPS/Content/EF_Gus/Shared/House/Environments/Forest/Grass/grass_tall_a_alpha.uasset" 576
"../../../Engine/Content/Functions/Engine_MaterialFunctions01/WorldPositionOffset/SimpleGrassWind.uasset" 577
"../../../../../Desktop/hw22/Unreal_min_3D_FPS_hw22/hw22_3D_FPS/Content/EF_Gus/Shared/House/Environments/Forest/Grass/grass_tall_a_Mat.uasset" 578
"../../../../../Desktop/hw22/Unreal_min_3D_FPS_hw22/hw22_3D_FPS/Content/EF_Gus/Shared/House/Environments/Forest/OLD/SpeedTree/grass_tall_b.uasset" 579
"../../../../../Desktop/hw22/Unreal_min_3D_FPS_hw22/hw22_3D_FPS/Content/EF_Gus/Textures/WeddingTent_a_r.uasset" 580
"../../../../../Desktop/hw22/Unreal_min_3D_FPS_hw22/hw22_3D_FPS/Content/EF_Gus/Textures/WeddingTent_a_o.uasset" 581
"../../../../../Desktop/hw22/Unreal_min_3D_FPS_hw22/hw22_3D_FPS/Content/EF_Gus/Textures/WeddingTent_a_n.uasset" 582
"../../../../../Desktop/hw22/Unreal_min_3D_FPS_hw22/hw22_3D_FPS/Content/EF_Gus/Textures/WeddingTent_a_c.uasset" 583
"../../../../../Desktop/hw22/Unreal_min_3D_FPS_hw22/hw22_3D_FPS/Content/EF_Gus/Common/MasterMaterial/DefaultTextures/Test_alpha.uasset" 584
"../../../../../Desktop/hw22/Unreal_min_3D_FPS_hw22/hw22_3D_FPS/Content/EF_Gus/Common/MasterMaterial/Master_Props_Masked_SubSurface_Mat.uasset" 585
"../../../../../Desktop/hw22/Unreal_min_3D_FPS_hw22/hw22_3D_FPS/Content/EF_Gus/Materials/WeddingTent_a_Mat.uasset" 586
"../../../../../Desktop/hw22/Unreal_min_3D_FPS_hw22/hw22_3D_FPS/Content/EF_Gus/Shared/kitchen/shelf/DirtyMetal_a_c.uasset" 587
"../../../../../Desktop/hw22/Unreal_min_3D_FPS_hw22/hw22_3D_FPS/Content/EF_Gus/Common/MasterMaterial/DefaultTextures/Test_dn.uasset" 588
"../../../../../Desktop/hw22/Unreal_min_3D_FPS_hw22/hw22_3D_FPS/Content/EF_Gus/Common/MasterMaterial/DefaultTextures/Dirt_NoiseSmall_alpha.uasset" 589
"../../../../../Desktop/hw22/Unreal_min_3D_FPS_hw22/hw22_3D_FPS/Content/EF_Gus/Common/MasterMaterial/Master_Glass_Mat.uasset" 590
"../../../../../Desktop/hw22/Unreal_min_3D_FPS_hw22/hw22_3D_FPS/Content/EF_Gus/Materials/WeddingTentGlass_a_Mat.uasset" 591
"../../../../../Desktop/hw22/Unreal_min_3D_FPS_hw22/hw22_3D_FPS/Content/EF_Gus/Common/Materials/Metal/MetalBasic_a_r.uasset" 592
"../../../../../Desktop/hw22/Unreal_min_3D_FPS_hw22/hw22_3D_FPS/Content/EF_Gus/Common/Materials/Metal/MetalBasic_a_n.uasset" 593
"../../../../../Desktop/hw22/Unreal_min_3D_FPS_hw22/hw22_3D_FPS/Content/EF_Gus/Common/Materials/Metal/MetalBasic_a_c.uasset" 594
"../../../../../Desktop/hw22/Unreal_min_3D_FPS_hw22/hw22_3D_FPS/Content/EF_Gus/Common/Materials/Metal/WM_MetalBasic_a_mat.uasset" 595
"../../../../../Desktop/hw22/Unreal_min_3D_FPS_hw22/hw22_3D_FPS/Content/EF_Gus/Meshes/WeddingTent_a.uasset" 596
"../../../../../Desktop/hw22/Unreal_min_3D_FPS_hw22/hw22_3D_FPS/Content/EF_Gus/Common/Materials/Wood/WoodPlanksGrimy_a_r.uasset" 597
"../../../../../Desktop/hw22/Unreal_min_3D_FPS_hw22/hw22_3D_FPS/Content/EF_Gus/Common/Materials/Wood/WoodPlanksGrimy_a_n.uasset" 598
"../../../../../Desktop/hw22/Unreal_min_3D_FPS_hw22/hw22_3D_FPS/Content/EF_Gus/Common/Materials/Wood/WoodPlanksGrimy_a_c.uasset" 599
"../../../../../Desktop/hw22/Unreal_min_3D_FPS_hw22/hw22_3D_FPS/Content/EF_Gus/Common/Materials/Wood/WM_WoodPlanksGrimy_a_Mat.uasset" 600
"../../../../../Desktop/hw22/Unreal_min_3D_FPS_hw22/hw22_3D_FPS/Content/EF_Gus/Meshes/UrHouseDebris_c.uasset" 601
"../../../../../Desktop/hw22/Unreal_min_3D_FPS_hw22/hw22_3D_FPS/Content/EF_Gus/Meshes/UrHouseDebris_b.uasset" 602
"../../../../../Desktop/hw22/Unreal_min_3D_FPS_hw22/hw22_3D_FPS/Content/EF_Gus/Common/Materials/Barnacle/Barnacle_b_R.uasset" 603
"../../../../../Desktop/hw22/Unreal_min_3D_FPS_hw22/hw22_3D_FPS/Content/EF_Gus/Common/Materials/Barnacle/Barnacle_b_N.uasset" 604
"../../../../../Desktop/hw22/Unreal_min_3D_FPS_hw22/hw22_3D_FPS/Content/EF_Gus/Common/Materials/Barnacle/Barnacle_b_M.uasset" 605
"../../../../../Desktop/hw22/Unreal_min_3D_FPS_hw22/hw22_3D_FPS/Content/EF_Gus/Common/Materials/Barnacle/Barnacle_b_C.uasset" 606
"../../../../../Desktop/hw22/Unreal_min_3D_FPS_hw22/hw22_3D_FPS/Content/EF_Gus/Common/Materials/Barnacle/Barnacle_a_o.uasset" 607
"../../../../../Desktop/hw22/Unreal_min_3D_FPS_hw22/hw22_3D_FPS/Content/EF_Gus/Common/Materials/Barnacle/Barnacle_a_n.uasset" 608
"../../../../../Desktop/hw22/Unreal_min_3D_FPS_hw22/hw22_3D_FPS/Content/EF_Gus/Common/Materials/Barnacle/Barnacle_a_c.uasset" 609
"../../../../../Desktop/hw22/Unreal_min_3D_FPS_hw22/hw22_3D_FPS/Content/EF_Gus/Materials/UrHouseWalls_a_Mat.uasset" 610
"../../../../../Desktop/hw22/Unreal_min_3D_FPS_hw22/hw22_3D_FPS/Content/EF_Gus/Materials/UrHouseConcrete_a_Mat.uasset" 611
"../../../../../Desktop/hw22/Unreal_min_3D_FPS_hw22/hw22_3D_FPS/Content/EF_Gus/Common/Materials/Brick/BrickGrimy_a_r.uasset" 612
"../../../../../Desktop/hw22/Unreal_min_3D_FPS_hw22/hw22_3D_FPS/Content/EF_Gus/Common/Materials/Brick/BrickGrimy_a_n.uasset" 613
"../../../../../Desktop/hw22/Unreal_min_3D_FPS_hw22/hw22_3D_FPS/Content/EF_Gus/Common/Materials/Brick/BrickGrimy_a_c.uasset" 614
"../../../../../Desktop/hw22/Unreal_min_3D_FPS_hw22/hw22_3D_FPS/Content/EF_Gus/Materials/UrHouseBrick_a_Mat.uasset" 615
"../../../../../Desktop/hw22/Unreal_min_3D_FPS_hw22/hw22_3D_FPS/Content/EF_Gus/Common/Materials/Wood/WoodPlanksGrimy_b_R.uasset" 616
"../../../../../Desktop/hw22/Unreal_min_3D_FPS_hw22/hw22_3D_FPS/Content/EF_Gus/Common/Materials/Wood/WoodPlanksGrimy_b_N.uasset" 617
"../../../../../Desktop/hw22/Unreal_min_3D_FPS_hw22/hw22_3D_FPS/Content/EF_Gus/Common/Materials/Wood/WoodPlanksGrimy_b_C.uasset" 618
"../../../../../Desktop/hw22/Unreal_min_3D_FPS_hw22/hw22_3D_FPS/Content/EF_Gus/Materials/UrHouseFloors_a_Mat.uasset" 619
"../../../../../Desktop/hw22/Unreal_min_3D_FPS_hw22/hw22_3D_FPS/Content/EF_Gus/Meshes/UrHouse_a.uasset" 620
"../../../../../Desktop/hw22/Unreal_min_3D_FPS_hw22/hw22_3D_FPS/Content/EF_Gus/Textures/TotemPole_BC.uasset" 621
"../../../../../Desktop/hw22/Unreal_min_3D_FPS_hw22/hw22_3D_FPS/Content/EF_Gus/Common/Materials/Wood/OLD/wood_floor_b_normal.uasset" 622
"../../../../../Desktop/hw22/Unreal_min_3D_FPS_hw22/hw22_3D_FPS/Content/EF_Gus/Common/MasterMaterial/DefaultTextures/dot_alpha.uasset" 623
"../../../../../Desktop/hw22/Unreal_min_3D_FPS_hw22/hw22_3D_FPS/Content/EF_Gus/Common/MasterMaterial/DefaultTextures/clouds_alpha.uasset" 624
"../../../../../Desktop/hw22/Unreal_min_3D_FPS_hw22/hw22_3D_FPS/Content/EF_Gus/Common/MasterMaterial/Functions/Fresnel_Roughness.uasset" 625
"../../../../../Desktop/hw22/Unreal_min_3D_FPS_hw22/hw22_3D_FPS/Content/EF_Gus/Common/MasterMaterial/Master_Opaque_Mat.uasset" 626
"../../../../../Desktop/hw22/Unreal_min_3D_FPS_hw22/hw22_3D_FPS/Content/EF_Gus/Materials/TotemPole_a_Mat.uasset" 627
"../../../../../Desktop/hw22/Unreal_min_3D_FPS_hw22/hw22_3D_FPS/Content/EF_Gus/Meshes/TotemPole_a.uasset" 628
"../../../../../Desktop/hw22/Unreal_min_3D_FPS_hw22/hw22_3D_FPS/Content/EF_Gus/Textures/Starfish_r.uasset" 629
"../../../../../Desktop/hw22/Unreal_min_3D_FPS_hw22/hw22_3D_FPS/Content/EF_Gus/Textures/Starfish_n.uasset" 630
"../../../../../Desktop/hw22/Unreal_min_3D_FPS_hw22/hw22_3D_FPS/Content/EF_Gus/Textures/Starfish_c.uasset" 631
"../../../../../Desktop/hw22/Unreal_min_3D_FPS_hw22/hw22_3D_FPS/Content/EF_Gus/Materials/Starfish_Mat.uasset" 632
"../../../../../Desktop/hw22/Unreal_min_3D_FPS_hw22/hw22_3D_FPS/Content/EF_Gus/Meshes/StarfishArmless.uasset" 633
"../../../../../Desktop/hw22/Unreal_min_3D_FPS_hw22/hw22_3D_FPS/Content/EF_Gus/Meshes/Starfish.uasset" 634
"../../../../../Desktop/hw22/Unreal_min_3D_FPS_hw22/hw22_3D_FPS/Content/EF_Gus/Textures/SolarLight_a_R.uasset" 635
"../../../../../Desktop/hw22/Unreal_min_3D_FPS_hw22/hw22_3D_FPS/Content/EF_Gus/Textures/SolarLight_a_N.uasset" 636
"../../../../../Desktop/hw22/Unreal_min_3D_FPS_hw22/hw22_3D_FPS/Content/EF_Gus/Textures/SolarLight_a_C.uasset" 637
"../../../../../Desktop/hw22/Unreal_min_3D_FPS_hw22/hw22_3D_FPS/Content/EF_Gus/Materials/SolarLight_Mat.uasset" 638
"../../../../../Desktop/hw22/Unreal_min_3D_FPS_hw22/hw22_3D_FPS/Content/EF_Gus/Meshes/SolarLight_A.uasset" 639
"../../../../../Desktop/hw22/Unreal_min_3D_FPS_hw22/hw22_3D_FPS/Content/EF_Gus/Textures/SeaweedChunk_a_r.uasset" 640
"../../../../../Desktop/hw22/Unreal_min_3D_FPS_hw22/hw22_3D_FPS/Content/EF_Gus/Textures/SeaweedChunk_a_o.uasset" 641
"../../../../../Desktop/hw22/Unreal_min_3D_FPS_hw22/hw22_3D_FPS/Content/EF_Gus/Textures/SeaweedChunk_a_n.uasset" 642
"../../../../../Desktop/hw22/Unreal_min_3D_FPS_hw22/hw22_3D_FPS/Content/EF_Gus/Textures/SeaweedChunk_a_c.uasset" 643
"../../../../../Desktop/hw22/Unreal_min_3D_FPS_hw22/hw22_3D_FPS/Content/EF_Gus/Common/MasterMaterial/Master_Props_Masked_Mat.uasset" 644
"../../../../../Desktop/hw22/Unreal_min_3D_FPS_hw22/hw22_3D_FPS/Content/EF_Gus/Materials/SeaweedChunk_a_Mat.uasset" 645
"../../../../../Desktop/hw22/Unreal_min_3D_FPS_hw22/hw22_3D_FPS/Content/EF_Gus/Meshes/SeaweedChunk_d.uasset" 646
"../../../../../Desktop/hw22/Unreal_min_3D_FPS_hw22/hw22_3D_FPS/Content/EF_Gus/Meshes/SeaweedChunk_c.uasset" 647
"../../../../../Desktop/hw22/Unreal_min_3D_FPS_hw22/hw22_3D_FPS/Content/EF_Gus/Meshes/SeaweedChunk_b.uasset" 648
"../../../../../Desktop/hw22/Unreal_min_3D_FPS_hw22/hw22_3D_FPS/Content/EF_Gus/Meshes/SeaweedChunk_a.uasset" 649
"../../../../../Desktop/hw22/Unreal_min_3D_FPS_hw22/hw22_3D_FPS/Content/EF_Gus/Common/Materials/Rock/RockRoughBeach_a_r.uasset" 650
"../../../../../Desktop/hw22/Unreal_min_3D_FPS_hw22/hw22_3D_FPS/Content/EF_Gus/Common/Materials/Rock/RockRoughBeach_a_n.uasset" 651
"../../../../../Desktop/hw22/Unreal_min_3D_FPS_hw22/hw22_3D_FPS/Content/EF_Gus/Common/Materials/Rock/RockRoughBeach_a_h.uasset" 652
"../../../../../Desktop/hw22/Unreal_min_3D_FPS_hw22/hw22_3D_FPS/Content/EF_Gus/Common/Materials/Rock/RockRoughBeach_a_c.uasset" 653
"../../../../../Desktop/hw22/Unreal_min_3D_FPS_hw22/hw22_3D_FPS/Content/EF_Gus/Common/Materials/Seaweed/Seaweed_a_r.uasset" 654
"../../../../../Desktop/hw22/Unreal_min_3D_FPS_hw22/hw22_3D_FPS/Content/EF_Gus/Common/Materials/Seaweed/Seaweed_a_n.uasset" 655
"../../../../../Desktop/hw22/Unreal_min_3D_FPS_hw22/hw22_3D_FPS/Content/EF_Gus/Common/Materials/Seaweed/Seaweed_a_h.uasset" 656
"../../../../../Desktop/hw22/Unreal_min_3D_FPS_hw22/hw22_3D_FPS/Content/EF_Gus/Common/Materials/Seaweed/Seaweed_a_c.uasset" 657
"../../../../../Desktop/hw22/Unreal_min_3D_FPS_hw22/hw22_3D_FPS/Content/EF_Gus/Materials/BeachRoughRock_a_Mat.uasset" 658
"../../../../../Desktop/hw22/Unreal_min_3D_FPS_hw22/hw22_3D_FPS/Content/EF_Gus/Meshes/RoughRockHuge_c.uasset" 659
"../../../../../Desktop/hw22/Unreal_min_3D_FPS_hw22/hw22_3D_FPS/Content/EF_Gus/Meshes/RoughRockHuge_b.uasset" 660
"../../../../../Desktop/hw22/Unreal_min_3D_FPS_hw22/hw22_3D_FPS/Content/EF_Gus/Meshes/RoughRockHuge_a.uasset" 661
"../../../../../Desktop/hw22/Unreal_min_3D_FPS_hw22/hw22_3D_FPS/Content/EF_Gus/Meshes/RoughRock_c.uasset" 662
"../../../../../Desktop/hw22/Unreal_min_3D_FPS_hw22/hw22_3D_FPS/Content/EF_Gus/Meshes/RoughRock_a.uasset" 663
"../../../../../Desktop/hw22/Unreal_min_3D_FPS_hw22/hw22_3D_FPS/Content/EF_Gus/Common/Materials/Rock/CliffRock_b_r.uasset" 664
"../../../../../Desktop/hw22/Unreal_min_3D_FPS_hw22/hw22_3D_FPS/Content/EF_Gus/Common/Materials/Rock/CliffRock_b_n.uasset" 665
"../../../../../Desktop/hw22/Unreal_min_3D_FPS_hw22/hw22_3D_FPS/Content/EF_Gus/Common/Materials/Rock/CliffRock_b_c.uasset" 666
"../../../../../Desktop/hw22/Unreal_min_3D_FPS_hw22/hw22_3D_FPS/Content/EF_Gus/Common/Materials/Soil/WM_Dirt_b_R.uasset" 667
"../../../../../Desktop/hw22/Unreal_min_3D_FPS_hw22/hw22_3D_FPS/Content/EF_Gus/Common/Materials/Soil/WM_Dirt_b_N.uasset" 668
"../../../../../Desktop/hw22/Unreal_min_3D_FPS_hw22/hw22_3D_FPS/Content/EF_Gus/Common/Materials/Soil/WM_Dirt_b_C.uasset" 669
"../../../../../Desktop/hw22/Unreal_min_3D_FPS_hw22/hw22_3D_FPS/Content/EF_Gus/Materials/BackyardLandslide_a_Mat.uasset" 670
"../../../../../Desktop/hw22/Unreal_min_3D_FPS_hw22/hw22_3D_FPS/Content/EF_Gus/Meshes/PreLandslide.uasset" 671
"../../../../../Desktop/hw22/Unreal_min_3D_FPS_hw22/hw22_3D_FPS/Content/EF_Gus/Textures/WaveDisplaceScale_Static_A.uasset" 672
"../../../../../Desktop/hw22/Unreal_min_3D_FPS_hw22/hw22_3D_FPS/Content/EF_Gus/Common/Effects/Textures/Water/Blockout/T_OceonNormalShift2_N.uasset" 673
"../../../../../Desktop/hw22/Unreal_min_3D_FPS_hw22/hw22_3D_FPS/Content/EF_Gus/Common/Effects/Textures/Water/Blockout/T_OceonNormalShift2_M.uasset" 674
"../../../../../Desktop/hw22/Unreal_min_3D_FPS_hw22/hw22_3D_FPS/Content/EF_Gus/Common/Effects/Textures/Water/Blockout/T_OceonFoam2_M.uasset" 675
"../../../../../Desktop/hw22/Unreal_min_3D_FPS_hw22/hw22_3D_FPS/Content/EF_Gus/Common/Effects/Textures/Water/Blockout/T_BigNormal_N.uasset" 676
"../../../Engine/Content/Functions/Engine_MaterialFunctions02/Utility/BlendAngleCorrectedNormals.uasset" 677
"../../../../../Desktop/hw22/Unreal_min_3D_FPS_hw22/hw22_3D_FPS/Content/EF_Gus/Common/MasterMaterial/Master_WaterDisplacementWave_Mat.uasset" 678
"../../../../../Desktop/hw22/Unreal_min_3D_FPS_hw22/hw22_3D_FPS/Content/EF_Gus/Materials/KiteOcean_Mat.uasset" 679
"../../../../../Desktop/hw22/Unreal_min_3D_FPS_hw22/hw22_3D_FPS/Content/EF_Gus/Common/PhysicalMaterials/Water_Shallow.uasset" 680
"../../../../../Desktop/hw22/Unreal_min_3D_FPS_hw22/hw22_3D_FPS/Content/EF_Gus/Meshes/Kite2_OceanPlane.uasset" 681
"../../../../../Desktop/hw22/Unreal_min_3D_FPS_hw22/hw22_3D_FPS/Content/EF_Gus/Common/Materials/Rock/WM_RockRoughBeach_a_Mat.uasset" 682
"../../../../../Desktop/hw22/Unreal_min_3D_FPS_hw22/hw22_3D_FPS/Content/EF_Gus/Meshes/JaggedRock_A.uasset" 683
"../../../../../Desktop/hw22/Unreal_min_3D_FPS_hw22/hw22_3D_FPS/Content/EF_Gus/Textures/IslandCard_e_M.uasset" 684
"../../../../../Desktop/hw22/Unreal_min_3D_FPS_hw22/hw22_3D_FPS/Content/EF_Gus/Textures/IslandCard_e_C.uasset" 685
"../../../../../Desktop/hw22/Unreal_min_3D_FPS_hw22/hw22_3D_FPS/Content/EF_Gus/Materials/IslandCard_e_Mat.uasset" 686
"../../../../../Desktop/hw22/Unreal_min_3D_FPS_hw22/hw22_3D_FPS/Content/EF_Gus/Meshes/IslandGeoCard_e.uasset" 687
"../../../../../Desktop/hw22/Unreal_min_3D_FPS_hw22/hw22_3D_FPS/Content/EF_Gus/Textures/IslandCard_d_M.uasset" 688
"../../../../../Desktop/hw22/Unreal_min_3D_FPS_hw22/hw22_3D_FPS/Content/EF_Gus/Textures/IslandCard_d_C.uasset" 689
"../../../../../Desktop/hw22/Unreal_min_3D_FPS_hw22/hw22_3D_FPS/Content/EF_Gus/Materials/IslandCard_d_Mat.uasset" 690
"../../../../../Desktop/hw22/Unreal_min_3D_FPS_hw22/hw22_3D_FPS/Content/EF_Gus/Meshes/IslandGeoCard_d.uasset" 691
"../../../../../Desktop/hw22/Unreal_min_3D_FPS_hw22/hw22_3D_FPS/Content/EF_Gus/Textures/IslandCard_b_M.uasset" 692
"../../../../../Desktop/hw22/Unreal_min_3D_FPS_hw22/hw22_3D_FPS/Content/EF_Gus/Textures/IslandCard_b_C.uasset" 693
"../../../../../Desktop/hw22/Unreal_min_3D_FPS_hw22/hw22_3D_FPS/Content/EF_Gus/Materials/IslandCard_b_Mat.uasset" 694
"../../../../../Desktop/hw22/Unreal_min_3D_FPS_hw22/hw22_3D_FPS/Content/EF_Gus/Meshes/IslandGeoCard_b.uasset" 695
"../../../../../Desktop/hw22/Unreal_min_3D_FPS_hw22/hw22_3D_FPS/Content/EF_Gus/Meshes/IslandCard_d.uasset" 696
"../../../../../Desktop/hw22/Unreal_min_3D_FPS_hw22/hw22_3D_FPS/Content/EF_Gus/Textures/IslandCard_c_M.uasset" 697
"../../../../../Desktop/hw22/Unreal_min_3D_FPS_hw22/hw22_3D_FPS/Content/EF_Gus/Textures/IslandCard_c_C.uasset" 698
"../../../../../Desktop/hw22/Unreal_min_3D_FPS_hw22/hw22_3D_FPS/Content/EF_Gus/Materials/IslandCard_c_Mat.uasset" 699
"../../../../../Desktop/hw22/Unreal_min_3D_FPS_hw22/hw22_3D_FPS/Content/EF_Gus/Meshes/IslandCard_c.uasset" 700
"../../../../../Desktop/hw22/Unreal_min_3D_FPS_hw22/hw22_3D_FPS/Content/EF_Gus/Textures/ChairFolding_a_R.uasset" 701
"../../../../../Desktop/hw22/Unreal_min_3D_FPS_hw22/hw22_3D_FPS/Content/EF_Gus/Textures/ChairFolding_a_N.uasset" 702
"../../../../../Desktop/hw22/Unreal_min_3D_FPS_hw22/hw22_3D_FPS/Content/EF_Gus/Textures/ChairFolding_a_BC.uasset" 703
"../../../../../Desktop/hw22/Unreal_min_3D_FPS_hw22/hw22_3D_FPS/Content/EF_Gus/Materials/ChairFolding_a_Mat.uasset" 704
"../../../../../Desktop/hw22/Unreal_min_3D_FPS_hw22/hw22_3D_FPS/Content/EF_Gus/Meshes/ChairFolding_a.uasset" 705
"../../../../../Desktop/hw22/Unreal_min_3D_FPS_hw22/hw22_3D_FPS/Content/EF_Gus/Textures/BeachRockSmall_b_r.uasset" 706
"../../../../../Desktop/hw22/Unreal_min_3D_FPS_hw22/hw22_3D_FPS/Content/EF_Gus/Textures/BeachRockSmall_b_c.uasset" 707
"../../../../../Desktop/hw22/Unreal_min_3D_FPS_hw22/hw22_3D_FPS/Content/EF_Gus/Textures/BeachRockSmall_a_n.uasset" 708
"../../../../../Desktop/hw22/Unreal_min_3D_FPS_hw22/hw22_3D_FPS/Content/EF_Gus/Materials/BeachSmallRock_b_Mat.uasset" 709
"../../../../../Desktop/hw22/Unreal_min_3D_FPS_hw22/hw22_3D_FPS/Content/EF_Gus/Meshes/BeachSmallRock_h.uasset" 710
"../../../../../Desktop/hw22/Unreal_min_3D_FPS_hw22/hw22_3D_FPS/Content/EF_Gus/Meshes/BeachSmallRock_g.uasset" 711
"../../../../../Desktop/hw22/Unreal_min_3D_FPS_hw22/hw22_3D_FPS/Content/EF_Gus/Meshes/BeachSmallRock_f.uasset" 712
"../../../../../Desktop/hw22/Unreal_min_3D_FPS_hw22/hw22_3D_FPS/Content/EF_Gus/Meshes/BeachSmallRock_e.uasset" 713
"../../../../../Desktop/hw22/Unreal_min_3D_FPS_hw22/hw22_3D_FPS/Content/EF_Gus/Textures/BeachRockSmall_a_r.uasset" 714
"../../../../../Desktop/hw22/Unreal_min_3D_FPS_hw22/hw22_3D_FPS/Content/EF_Gus/Textures/BeachRockSmall_a_c.uasset" 715
"../../../../../Desktop/hw22/Unreal_min_3D_FPS_hw22/hw22_3D_FPS/Content/EF_Gus/Materials/BeachSmallRock_a_Mat.uasset" 716
"../../../../../Desktop/hw22/Unreal_min_3D_FPS_hw22/hw22_3D_FPS/Content/EF_Gus/Meshes/BeachSmallRock_d.uasset" 717
"../../../../../Desktop/hw22/Unreal_min_3D_FPS_hw22/hw22_3D_FPS/Content/EF_Gus/Meshes/BeachSmallRock_c.uasset" 718
"../../../../../Desktop/hw22/Unreal_min_3D_FPS_hw22/hw22_3D_FPS/Content/EF_Gus/Meshes/BeachSmallRock_b.uasset" 719
"../../../../../Desktop/hw22/Unreal_min_3D_FPS_hw22/hw22_3D_FPS/Content/EF_Gus/Meshes/BeachSmallRock_a.uasset" 720
"../../../../../Desktop/hw22/Unreal_min_3D_FPS_hw22/hw22_3D_FPS/Content/EF_Gus/Common/Materials/Wood/WoodPoleRough_a_r.uasset" 721
"../../../../../Desktop/hw22/Unreal_min_3D_FPS_hw22/hw22_3D_FPS/Content/EF_Gus/Common/Materials/Wood/WoodPoleRough_a_n.uasset" 722
"../../../../../Desktop/hw22/Unreal_min_3D_FPS_hw22/hw22_3D_FPS/Content/EF_Gus/Common/Materials/Wood/WoodPoleRough_a_c.uasset" 723
"../../../../../Desktop/hw22/Unreal_min_3D_FPS_hw22/hw22_3D_FPS/Content/EF_Gus/Common/Materials/Wood/WM_WoodPoleRough_a_Mat.uasset" 724
"../../../../../Desktop/hw22/Unreal_min_3D_FPS_hw22/hw22_3D_FPS/Content/EF_Gus/Common/Materials/Cloth/Rope_a_R.uasset" 725
"../../../../../Desktop/hw22/Unreal_min_3D_FPS_hw22/hw22_3D_FPS/Content/EF_Gus/Common/Materials/Cloth/Rope_a_N.uasset" 726
"../../../../../Desktop/hw22/Unreal_min_3D_FPS_hw22/hw22_3D_FPS/Content/EF_Gus/Common/Materials/Cloth/Rope_a_C.uasset" 727
"../../../../../Desktop/hw22/Unreal_min_3D_FPS_hw22/hw22_3D_FPS/Content/EF_Gus/Common/Materials/Cloth/WM_Rope_a.uasset" 728
"../../../../../Desktop/hw22/Unreal_min_3D_FPS_hw22/hw22_3D_FPS/Content/EF_Gus/Meshes/BeachDock_01.uasset" 729
"../../../../../Desktop/hw22/Unreal_min_3D_FPS_hw22/hw22_3D_FPS/Content/EF_Gus/Materials/BackyardShore_a_Mat.uasset" 730
"../../../../../Desktop/hw22/Unreal_min_3D_FPS_hw22/hw22_3D_FPS/Content/EF_Gus/Meshes/BackyardShore_Vista_B.uasset" 731
"../../../../../Desktop/hw22/Unreal_min_3D_FPS_hw22/hw22_3D_FPS/Content/EF_Gus/Meshes/BackyardShore_Vista_A.uasset" 732
"../../../../../Desktop/hw22/Unreal_min_3D_FPS_hw22/hw22_3D_FPS/Content/EF_Gus/Common/Materials/Soil/BeachRocky_a_r.uasset" 733
"../../../../../Desktop/hw22/Unreal_min_3D_FPS_hw22/hw22_3D_FPS/Content/EF_Gus/Common/Materials/Soil/BeachRocky_a_n.uasset" 734
"../../../../../Desktop/hw22/Unreal_min_3D_FPS_hw22/hw22_3D_FPS/Content/EF_Gus/Common/Materials/Soil/BeachRocky_a_h.uasset" 735
"../../../../../Desktop/hw22/Unreal_min_3D_FPS_hw22/hw22_3D_FPS/Content/EF_Gus/Common/Materials/Soil/BeachRocky_a_c.uasset" 736
"../../../../../Desktop/hw22/Unreal_min_3D_FPS_hw22/hw22_3D_FPS/Content/EF_Gus/Common/Materials/Soil/BeachMucky_b_r.uasset" 737
"../../../../../Desktop/hw22/Unreal_min_3D_FPS_hw22/hw22_3D_FPS/Content/EF_Gus/Common/Materials/Soil/BeachMucky_b_n.uasset" 738
"../../../../../Desktop/hw22/Unreal_min_3D_FPS_hw22/hw22_3D_FPS/Content/EF_Gus/Common/Materials/Soil/BeachMucky_b_h.uasset" 739
"../../../../../Desktop/hw22/Unreal_min_3D_FPS_hw22/hw22_3D_FPS/Content/EF_Gus/Common/Materials/Soil/BeachMucky_b_c.uasset" 740
"../../../../../Desktop/hw22/Unreal_min_3D_FPS_hw22/hw22_3D_FPS/Content/EF_Gus/Common/Materials/Soil/BeachMucky_a_r.uasset" 741
"../../../../../Desktop/hw22/Unreal_min_3D_FPS_hw22/hw22_3D_FPS/Content/EF_Gus/Materials/BackyardBeachMat_b.uasset" 742
"../../../../../Desktop/hw22/Unreal_min_3D_FPS_hw22/hw22_3D_FPS/Content/EF_Gus/Meshes/BackyardShore_c.uasset" 743
"../../../../../Desktop/hw22/Unreal_min_3D_FPS_hw22/hw22_3D_FPS/Content/EF_Gus/Common/Materials/Soil/BeachRocky_b_r.uasset" 744
"../../../../../Desktop/hw22/Unreal_min_3D_FPS_hw22/hw22_3D_FPS/Content/EF_Gus/Common/Materials/Soil/BeachRocky_b_n.uasset" 745
"../../../../../Desktop/hw22/Unreal_min_3D_FPS_hw22/hw22_3D_FPS/Content/EF_Gus/Common/Materials/Soil/BeachRocky_b_h.uasset" 746
"../../../../../Desktop/hw22/Unreal_min_3D_FPS_hw22/hw22_3D_FPS/Content/EF_Gus/Common/Materials/Soil/BeachRocky_b_c.uasset" 747
"../../../../../Desktop/hw22/Unreal_min_3D_FPS_hw22/hw22_3D_FPS/Content/EF_Gus/Common/Materials/Soil/BeachMucky_a_n.uasset" 748
"../../../../../Desktop/hw22/Unreal_min_3D_FPS_hw22/hw22_3D_FPS/Content/EF_Gus/Common/Materials/Soil/BeachMucky_a_h.uasset" 749
"../../../../../Desktop/hw22/Unreal_min_3D_FPS_hw22/hw22_3D_FPS/Content/EF_Gus/Common/Materials/Soil/BeachMucky_a_c.uasset" 750
"../../../../../Desktop/hw22/Unreal_min_3D_FPS_hw22/hw22_3D_FPS/Content/EF_Gus/Materials/BackyardBeachMat_a.uasset" 751
"../../../../../Desktop/hw22/Unreal_min_3D_FPS_hw22/hw22_3D_FPS/Content/EF_Gus/Common/PhysicalMaterials/Sand.uasset" 752
"../../../../../Desktop/hw22/Unreal_min_3D_FPS_hw22/hw22_3D_FPS/Content/EF_Gus/Meshes/BackyardShore_b.uasset" 753
"../../../../../Desktop/hw22/Unreal_min_3D_FPS_hw22/hw22_3D_FPS/Content/EF_Gus/Materials/BackyardCliff_b_Mat.uasset" 754
"../../../../../Desktop/hw22/Unreal_min_3D_FPS_hw22/hw22_3D_FPS/Content/EF_Gus/Meshes/BackyardCliffTall_Coll_a.uasset" 755
"../../../../../Desktop/hw22/Unreal_min_3D_FPS_hw22/hw22_3D_FPS/Content/EF_Gus/Common/Materials/Soil/sand_beach_smooth_01_c.uasset" 756
"../../../../../Desktop/hw22/Unreal_min_3D_FPS_hw22/hw22_3D_FPS/Content/EF_Gus/Common/Materials/Soil/Moss_b_R.uasset" 757
"../../../../../Desktop/hw22/Unreal_min_3D_FPS_hw22/hw22_3D_FPS/Content/EF_Gus/Common/Materials/Soil/Moss_b_N.uasset" 758
"../../../../../Desktop/hw22/Unreal_min_3D_FPS_hw22/hw22_3D_FPS/Content/EF_Gus/Common/Materials/Soil/Moss_b_C.uasset" 759
"../../../../../Desktop/hw22/Unreal_min_3D_FPS_hw22/hw22_3D_FPS/Content/EF_Gus/Materials/BackyardCemetary_a_Mat.uasset" 760
"../../../../../Desktop/hw22/Unreal_min_3D_FPS_hw22/hw22_3D_FPS/Content/EF_Gus/Meshes/BackyardCliffTall_a.uasset" 761
"../../../../../Desktop/hw22/Unreal_min_3D_FPS_hw22/hw22_3D_FPS/Content/EF_Gus/Common/Materials/SolidColor/GreenGloss_Mat.uasset" 762
"../../../../../Desktop/hw22/Unreal_min_3D_FPS_hw22/hw22_3D_FPS/Content/EF_Gus/Meshes/Apple_a.uasset" 763
"../../../../../Desktop/hw22/Unreal_min_3D_FPS_hw22/hw22_3D_FPS/Content/ammo_box/ammo_box_lambert1_Roughness.uasset" 764
"../../../../../Desktop/hw22/Unreal_min_3D_FPS_hw22/hw22_3D_FPS/Content/ammo_box/ammo_box_lambert1_Normal.uasset" 765
"../../../../../Desktop/hw22/Unreal_min_3D_FPS_hw22/hw22_3D_FPS/Content/ammo_box/ammo_box_lambert1_Metallic.uasset" 766
"../../../../../Desktop/hw22/Unreal_min_3D_FPS_hw22/hw22_3D_FPS/Content/ammo_box/ammo_box_lambert1_Height.uasset" 767
"../../../../../Desktop/hw22/Unreal_min_3D_FPS_hw22/hw22_3D_FPS/Content/ammo_box/ammo_box_lambert1_BaseColor.uasset" 768
"../../../../../Desktop/hw22/Unreal_min_3D_FPS_hw22/hw22_3D_FPS/Content/ammo_box/lambert1.uasset" 769
"../../../../../Desktop/hw22/Unreal_min_3D_FPS_hw22/hw22_3D_FPS/Content/ammo_box/ammo_box.uasset" 770
"../../../../../Desktop/hw22/Unreal_min_3D_FPS_hw22/hw22_3D_FPS/Content/BP/BP_ammo_box.uasset" 771
"../../../Engine/Content/EngineSky/T_Sky_Stars.uasset" 772
"../../../Engine/Content/EngineSky/T_Sky_Clouds_M.uasset" 773
"../../../Engine/Content/EngineSky/T_Sky_Blue.uasset" 774
"../../../Engine/Content/EngineSky/M_Sky_Panning_Clouds2.uasset" 775
"../../../Engine/Content/EngineSky/SM_SkySphere.uasset" 776
"../../../Engine/Content/EngineSky/C_Sky_Zenith_Color.uasset" 777
"../../../Engine/Content/EngineSky/C_Sky_Horizon_Color.uasset" 778
"../../../Engine/Content/EngineSky/C_Sky_Cloud_Color.uasset" 779
"../../../Engine/Content/EngineSky/BP_Sky_Sphere.uasset" 780
"../../../../../Desktop/hw22/Unreal_min_3D_FPS_hw22/hw22_3D_FPS/Content/map/hw22_FPS.umap" 781
